2021-07-06T15:02:48.326-0300 INFO Starting BackendDesappApiApplication using Java 1.8.0_292 on ko-3 with PID 17642 (/home/quique/repoDAPP/grupoj-2021-backend/out/production/classes started by quique in /home/quique/repoDAPP/grupoj-2021-backend)
2021-07-06T15:02:48.328-0300 DEBUG Running with Spring Boot v2.4.4, Spring v5.3.5
2021-07-06T15:02:48.329-0300 INFO No active profile set, falling back to default profiles: default
2021-07-06T15:03:09.596-0300 DEBUG Filter 'jwtRequestFilter' configured for use
2021-07-06T15:03:11.937-0300 INFO Started BackendDesappApiApplication in 24.388 seconds (JVM running for 25.549)
2021-07-06T15:03:31.623-0300 INFO ========================================
2021-07-06T15:03:31.623-0300 INFO Tue Jul 06 15:03:31 ART 2021
2021-07-06T15:03:31.658-0300 INFO ARGUMENTS: registerRequest: {"email":"pa@pa.com","password":"1234567","name":"QuiqueA","sourceId":6}, 
2021-07-06T15:03:31.659-0300 INFO METHOD: saveUser
2021-07-06T15:03:31.659-0300 INFO USER CREDENTIAL: ANONYMOUS
2021-07-06T15:03:31.659-0300 INFO EXECUTED IN: 43 ms.
2021-07-06T15:03:34.473-0300 INFO ========================================
2021-07-06T15:03:34.474-0300 INFO Tue Jul 06 15:03:34 ART 2021
2021-07-06T15:03:34.477-0300 INFO ARGUMENTS: authenticationRequest: {"username":"pa@pa.com","password":"1234567"}, 
2021-07-06T15:03:34.478-0300 INFO METHOD: createAuthenticationToken
2021-07-06T15:03:34.478-0300 INFO USER CREDENTIAL: ANONYMOUS
2021-07-06T15:03:34.478-0300 INFO EXECUTED IN: 226 ms.
2021-07-06T15:04:54.687-0300 INFO Starting BackendDesappApiApplication using Java 1.8.0_292 on ko-3 with PID 17938 (/home/quique/repoDAPP/grupoj-2021-backend/out/production/classes started by quique in /home/quique/repoDAPP/grupoj-2021-backend)
2021-07-06T15:04:54.691-0300 DEBUG Running with Spring Boot v2.4.4, Spring v5.3.5
2021-07-06T15:04:54.692-0300 INFO No active profile set, falling back to default profiles: default
2021-07-06T15:05:15.650-0300 DEBUG Filter 'jwtRequestFilter' configured for use
2021-07-06T15:05:17.965-0300 INFO Started BackendDesappApiApplication in 23.997 seconds (JVM running for 24.696)
2021-07-06T15:05:34.557-0300 INFO ========================================
2021-07-06T15:05:34.560-0300 INFO Tue Jul 06 15:05:34 ART 2021
2021-07-06T15:05:34.593-0300 INFO ARGUMENTS: registerRequest: {"email":"pa@pa.com","password":"1234567","name":"QuiqueA","sourceId":6}, 
2021-07-06T15:05:34.593-0300 INFO METHOD: saveUser
2021-07-06T15:05:34.593-0300 INFO USER CREDENTIAL: ANONYMOUS
2021-07-06T15:05:34.594-0300 INFO EXECUTED IN: 92 ms.
2021-07-06T15:06:11.019-0300 INFO ========================================
2021-07-06T15:06:11.019-0300 INFO Tue Jul 06 15:06:11 ART 2021
2021-07-06T15:06:11.019-0300 INFO ARGUMENTS: 
2021-07-06T15:06:11.019-0300 INFO METHOD: getAllLanguages
2021-07-06T15:06:11.019-0300 INFO USER CREDENTIAL: {pa@pa.com, HBO Go}
2021-07-06T15:06:11.019-0300 INFO EXECUTED IN: 62 ms.
2021-07-06T15:07:19.067-0300 INFO ========================================
2021-07-06T15:07:19.067-0300 INFO Tue Jul 06 15:07:19 ART 2021
2021-07-06T15:07:19.076-0300 INFO ARGUMENTS: idTitle: 1, 
2021-07-06T15:07:19.077-0300 INFO METHOD: getReviewPorId
2021-07-06T15:07:19.077-0300 INFO USER CREDENTIAL: {pa@pa.com, HBO Go}
2021-07-06T15:07:19.078-0300 INFO EXECUTED IN: 121 ms.
2021-07-06T15:07:33.155-0300 INFO ========================================
2021-07-06T15:07:33.156-0300 INFO Tue Jul 06 15:07:33 ART 2021
2021-07-06T15:07:33.156-0300 INFO ARGUMENTS: idTitle: 1, 
2021-07-06T15:07:33.156-0300 INFO METHOD: getReviewPorId
2021-07-06T15:07:33.156-0300 INFO USER CREDENTIAL: {pa@pa.com, HBO Go}
2021-07-06T15:07:33.156-0300 INFO EXECUTED IN: 57 ms.
2021-07-06T15:07:42.528-0300 INFO ========================================
2021-07-06T15:07:42.529-0300 INFO Tue Jul 06 15:07:42 ART 2021
2021-07-06T15:07:42.529-0300 INFO ARGUMENTS: 
2021-07-06T15:07:42.529-0300 INFO METHOD: getAllTitles
2021-07-06T15:07:42.529-0300 INFO USER CREDENTIAL: {pa@pa.com, HBO Go}
2021-07-06T15:07:42.529-0300 INFO EXECUTED IN: 66 ms.
2021-07-06T15:07:48.037-0300 INFO ========================================
2021-07-06T15:07:48.038-0300 INFO Tue Jul 06 15:07:48 ART 2021
2021-07-06T15:07:48.039-0300 INFO ARGUMENTS: 
2021-07-06T15:07:48.039-0300 INFO METHOD: getAllFrontUsers
2021-07-06T15:07:48.039-0300 INFO USER CREDENTIAL: {pa@pa.com, HBO Go}
2021-07-06T15:07:48.039-0300 INFO EXECUTED IN: 36 ms.
2021-07-06T15:07:56.074-0300 INFO ========================================
2021-07-06T15:07:56.074-0300 INFO Tue Jul 06 15:07:56 ART 2021
2021-07-06T15:07:56.074-0300 INFO ARGUMENTS: id: 1, 
2021-07-06T15:07:56.074-0300 INFO METHOD: getTitleById
2021-07-06T15:07:56.074-0300 INFO USER CREDENTIAL: {pa@pa.com, HBO Go}
2021-07-06T15:07:56.074-0300 INFO EXECUTED IN: 32 ms.
2021-07-06T15:08:01.579-0300 INFO ========================================
2021-07-06T15:08:01.579-0300 INFO Tue Jul 06 15:08:01 ART 2021
2021-07-06T15:08:01.579-0300 INFO ARGUMENTS: 
2021-07-06T15:08:01.579-0300 INFO METHOD: getAllReviews
2021-07-06T15:08:01.580-0300 INFO USER CREDENTIAL: {pa@pa.com, HBO Go}
2021-07-06T15:08:01.580-0300 INFO EXECUTED IN: 60 ms.
2021-07-06T15:08:05.602-0300 INFO ========================================
2021-07-06T15:08:05.602-0300 INFO Tue Jul 06 15:08:05 ART 2021
2021-07-06T15:08:05.603-0300 INFO ARGUMENTS: 
2021-07-06T15:08:05.603-0300 INFO METHOD: getAllSources
2021-07-06T15:08:05.603-0300 INFO USER CREDENTIAL: ANONYMOUS
2021-07-06T15:08:05.603-0300 INFO EXECUTED IN: 8 ms.
2021-07-06T15:08:10.197-0300 INFO ========================================
2021-07-06T15:08:10.197-0300 INFO Tue Jul 06 15:08:10 ART 2021
2021-07-06T15:08:10.198-0300 INFO ARGUMENTS: 
2021-07-06T15:08:10.198-0300 INFO METHOD: getAllLocations
2021-07-06T15:08:10.198-0300 INFO USER CREDENTIAL: {pa@pa.com, HBO Go}
2021-07-06T15:08:10.198-0300 INFO EXECUTED IN: 99 ms.
2021-07-06T15:08:14.467-0300 INFO ========================================
2021-07-06T15:08:14.468-0300 INFO Tue Jul 06 15:08:14 ART 2021
2021-07-06T15:08:14.468-0300 INFO ARGUMENTS: 
2021-07-06T15:08:14.469-0300 INFO METHOD: getAllLanguages
2021-07-06T15:08:14.469-0300 INFO USER CREDENTIAL: {pa@pa.com, HBO Go}
2021-07-06T15:08:14.469-0300 INFO EXECUTED IN: 64 ms.
2021-07-06T15:08:19.043-0300 INFO ========================================
2021-07-06T15:08:19.044-0300 INFO Tue Jul 06 15:08:19 ART 2021
2021-07-06T15:08:19.044-0300 INFO ARGUMENTS: 
2021-07-06T15:08:19.044-0300 INFO METHOD: getAllStatistics
2021-07-06T15:08:19.044-0300 INFO USER CREDENTIAL: {pa@pa.com, HBO Go}
2021-07-06T15:08:19.044-0300 INFO EXECUTED IN: 65 ms.
2021-07-06T15:08:35.556-0300 INFO ========================================
2021-07-06T15:08:35.556-0300 INFO Tue Jul 06 15:08:35 ART 2021
2021-07-06T15:08:35.556-0300 INFO ARGUMENTS: 
2021-07-06T15:08:35.556-0300 INFO METHOD: reviewReports
2021-07-06T15:08:35.556-0300 INFO USER CREDENTIAL: {pa@pa.com, HBO Go}
2021-07-06T15:08:35.556-0300 INFO EXECUTED IN: 86 ms.
2021-07-06T15:08:42.910-0300 INFO ========================================
2021-07-06T15:08:42.910-0300 INFO Tue Jul 06 15:08:42 ART 2021
2021-07-06T15:08:42.910-0300 INFO ARGUMENTS: 
2021-07-06T15:08:42.910-0300 INFO METHOD: getAllReviews
2021-07-06T15:08:42.910-0300 INFO USER CREDENTIAL: {pa@pa.com, HBO Go}
2021-07-06T15:08:42.910-0300 INFO EXECUTED IN: 59 ms.
2021-07-06T15:09:13.190-0300 INFO ========================================
2021-07-06T15:09:13.191-0300 INFO Tue Jul 06 15:09:13 ART 2021
2021-07-06T15:09:13.210-0300 INFO ARGUMENTS: req: {"decade":[],"rating":null,"minStars":3,"actors":[],"genres":[]}, 
2021-07-06T15:09:13.210-0300 INFO METHOD: getAllTitlesMatching
2021-07-06T15:09:13.210-0300 INFO USER CREDENTIAL: {pa@pa.com, HBO Go}
2021-07-06T15:09:13.211-0300 INFO EXECUTED IN: 389 ms.
2021-07-06T15:11:23.878-0300 INFO ========================================
2021-07-06T15:11:23.878-0300 INFO Tue Jul 06 15:11:23 ART 2021
2021-07-06T15:11:23.887-0300 INFO ARGUMENTS: aReview: {"id":null,"titleId":1,"text":"a","textExtended":"Bochornoso como Coppolo","rating":5,"spoilerAlert":false,"date":1625595083339,"languageId":3,"type":"NORMAL","user":{"sourceId":2,"userId":"alumno21@alu.unq.edu.ar","userNick":"Jsose","locationId":2}}, 
2021-07-06T15:11:23.887-0300 INFO METHOD: saveReview
2021-07-06T15:11:23.887-0300 INFO USER CREDENTIAL: {pa@pa.com, HBO Go}
2021-07-06T15:11:23.887-0300 INFO EXECUTED IN: 537 ms.
2021-07-06T15:11:29.833-0300 INFO ========================================
2021-07-06T15:11:29.834-0300 INFO Tue Jul 06 15:11:29 ART 2021
2021-07-06T15:11:29.834-0300 INFO ARGUMENTS: idTitle: 1, 
2021-07-06T15:11:29.834-0300 INFO METHOD: getReviewPorId
2021-07-06T15:11:29.834-0300 INFO USER CREDENTIAL: {pa@pa.com, HBO Go}
2021-07-06T15:11:29.834-0300 INFO EXECUTED IN: 91 ms.
2021-07-06T15:11:39.318-0300 INFO ========================================
2021-07-06T15:11:39.319-0300 INFO Tue Jul 06 15:11:39 ART 2021
2021-07-06T15:11:39.328-0300 INFO ARGUMENTS: aReview: {"titleId":2,"text":"REVIEW DE PRUEBA!!","textExtended":"MUY BUENO ESTE ENDPOINT","rating":4,"spoilerAlert":false,"date":1625595099137,"languageId":1,"type":"NORMAL","critic":{"sourceId":3,"userId":"usuario@alu.unq.edu.ar","locationId":1}}, 
2021-07-06T15:11:39.328-0300 INFO METHOD: savePremiumReview
2021-07-06T15:11:39.329-0300 INFO USER CREDENTIAL: {pa@pa.com, HBO Go}
2021-07-06T15:11:39.329-0300 INFO EXECUTED IN: 176 ms.
2021-07-06T15:17:09.022-0300 INFO Starting BackendDesappApiApplication using Java 1.8.0_292 on ko-3 with PID 19110 (/home/quique/repoDAPP/grupoj-2021-backend/out/production/classes started by quique in /home/quique/repoDAPP/grupoj-2021-backend)
2021-07-06T15:17:09.022-0300 DEBUG Running with Spring Boot v2.4.4, Spring v5.3.5
2021-07-06T15:17:09.023-0300 INFO No active profile set, falling back to default profiles: default
2021-07-06T15:17:31.859-0300 DEBUG Filter 'jwtRequestFilter' configured for use
2021-07-06T15:17:34.278-0300 INFO Started BackendDesappApiApplication in 25.799 seconds (JVM running for 26.538)
2021-07-06T15:17:49.365-0300 INFO ========================================
2021-07-06T15:17:49.365-0300 INFO Tue Jul 06 15:17:49 ART 2021
2021-07-06T15:17:49.403-0300 INFO ARGUMENTS: registerRequest: {"email":"pa@pa.com","password":"1234567","name":"QuiqueA","sourceId":6}, 
2021-07-06T15:17:49.403-0300 INFO METHOD: saveUser
2021-07-06T15:17:49.403-0300 INFO USER CREDENTIAL: ANONYMOUS
2021-07-06T15:17:49.403-0300 INFO EXECUTED IN: 36 ms.
2021-07-06T15:17:52.097-0300 INFO ========================================
2021-07-06T15:17:52.097-0300 INFO Tue Jul 06 15:17:52 ART 2021
2021-07-06T15:17:52.098-0300 INFO ARGUMENTS: authenticationRequest: {"username":"pa@pa.com","password":"1234567"}, 
2021-07-06T15:17:52.098-0300 INFO METHOD: createAuthenticationToken
2021-07-06T15:17:52.098-0300 INFO USER CREDENTIAL: ANONYMOUS
2021-07-06T15:17:52.098-0300 INFO EXECUTED IN: 33 ms.
2021-07-06T15:17:54.501-0300 INFO ========================================
2021-07-06T15:17:54.501-0300 INFO Tue Jul 06 15:17:54 ART 2021
2021-07-06T15:17:54.503-0300 INFO ARGUMENTS: suscriptionDTO: {"titleId":2,"url":"http://localhost:8080/suscription/demo/1"}, 
2021-07-06T15:17:54.503-0300 INFO METHOD: saveSuscription
2021-07-06T15:17:54.503-0300 INFO USER CREDENTIAL: {pa@pa.com, HBO Go}
2021-07-06T15:17:54.503-0300 INFO EXECUTED IN: 95 ms.
2021-07-06T15:25:07.125-0300 INFO Starting BackendDesappApiApplicationTests using Java 1.8.0_292 on ko-3 with PID 19710 (started by quique in /home/quique/repoDAPP/grupoj-2021-backend)
2021-07-06T15:25:07.126-0300 DEBUG Running with Spring Boot v2.4.4, Spring v5.3.5
2021-07-06T15:25:07.128-0300 INFO No active profile set, falling back to default profiles: default
2021-07-06T15:25:37.156-0300 INFO Started BackendDesappApiApplicationTests in 30.489 seconds (JVM running for 41.365)
2021-07-06T15:30:37.770-0300 INFO Starting BackendDesappApiApplicationTests using Java 1.8.0_292 on ko-3 with PID 19921 (started by quique in /home/quique/repoDAPP/grupoj-2021-backend)
2021-07-06T15:30:37.770-0300 DEBUG Running with Spring Boot v2.4.4, Spring v5.3.5
2021-07-06T15:30:37.773-0300 INFO No active profile set, falling back to default profiles: default
2021-07-06T15:31:06.391-0300 INFO Started BackendDesappApiApplicationTests in 28.939 seconds (JVM running for 38.314)
2021-07-06T15:33:40.797-0300 INFO Starting BackendDesappApiApplication using Java 1.8.0_292 on ko-3 with PID 20122 (/home/quique/repoDAPP/grupoj-2021-backend/out/production/classes started by quique in /home/quique/repoDAPP/grupoj-2021-backend)
2021-07-06T15:33:40.798-0300 DEBUG Running with Spring Boot v2.4.4, Spring v5.3.5
2021-07-06T15:33:40.799-0300 INFO No active profile set, falling back to default profiles: default
2021-07-06T15:34:01.539-0300 DEBUG Filter 'jwtRequestFilter' configured for use
2021-07-06T15:34:03.959-0300 INFO Started BackendDesappApiApplication in 23.922 seconds (JVM running for 24.691)
2021-07-06T18:58:30.612-0300 INFO Starting BackendDesappApiApplication using Java 1.8.0_292 on ko-3 with PID 1871 (/home/quique/repoDAPP/grupoj-2021-backend/out/production/classes started by quique in /home/quique/repoDAPP/grupoj-2021-backend)
2021-07-06T18:58:30.627-0300 DEBUG Running with Spring Boot v2.4.4, Spring v5.3.5
2021-07-06T18:58:30.629-0300 INFO No active profile set, falling back to default profiles: default
2021-07-06T18:59:25.217-0300 DEBUG Filter 'jwtRequestFilter' configured for use
2021-07-06T18:59:32.058-0300 INFO Started BackendDesappApiApplication in 63.142 seconds (JVM running for 66.156)
2021-07-06T18:59:53.191-0300 INFO ========================================
2021-07-06T18:59:53.203-0300 INFO Tue Jul 06 18:59:53 ART 2021
2021-07-06T18:59:53.551-0300 INFO ARGUMENTS: registerRequest: {"email":"pa@pa.com","password":"1234567","name":"QuiqueA","sourceId":6}, 
2021-07-06T18:59:53.552-0300 INFO METHOD: saveUser
2021-07-06T18:59:53.552-0300 INFO USER CREDENTIAL: ANONYMOUS
2021-07-06T18:59:53.552-0300 INFO EXECUTED IN: 34 ms.
2021-07-06T19:02:05.140-0300 INFO Starting BackendDesappApiApplication using Java 1.8.0_292 on ko-3 with PID 3305 (/home/quique/repoDAPP/grupoj-2021-backend/out/production/classes started by quique in /home/quique/repoDAPP/grupoj-2021-backend)
2021-07-06T19:02:05.140-0300 DEBUG Running with Spring Boot v2.4.4, Spring v5.3.5
2021-07-06T19:02:05.141-0300 INFO No active profile set, falling back to default profiles: default
2021-07-06T19:02:37.225-0300 DEBUG Filter 'jwtRequestFilter' configured for use
2021-07-06T19:02:41.464-0300 INFO Started BackendDesappApiApplication in 37.682 seconds (JVM running for 38.898)
2021-07-06T19:03:01.777-0300 INFO ========================================
2021-07-06T19:03:01.777-0300 INFO Tue Jul 06 19:03:01 ART 2021
2021-07-06T19:03:01.805-0300 INFO ARGUMENTS: registerRequest: {"email":"pa@pa.com","password":"1234567","name":"QuiqueA","sourceId":6}, 
2021-07-06T19:03:01.805-0300 INFO METHOD: saveUser
2021-07-06T19:03:01.805-0300 INFO USER CREDENTIAL: ANONYMOUS
2021-07-06T19:03:01.805-0300 INFO EXECUTED IN: 55 ms.
2021-07-06T19:17:15.888-0300 INFO Starting BackendDesappApiApplication using Java 1.8.0_292 on ko-3 with PID 7377 (/home/quique/repoDAPP/grupoj-2021-backend/out/production/classes started by quique in /home/quique/repoDAPP/grupoj-2021-backend)
2021-07-06T19:17:15.897-0300 DEBUG Running with Spring Boot v2.4.4, Spring v5.3.5
2021-07-06T19:17:15.898-0300 INFO No active profile set, falling back to default profiles: default
2021-07-06T19:17:51.180-0300 DEBUG Filter 'jwtRequestFilter' configured for use
2021-07-06T19:17:58.180-0300 INFO Started BackendDesappApiApplication in 43.753 seconds (JVM running for 46.942)
2021-07-06T19:18:40.447-0300 INFO ========================================
2021-07-06T19:18:40.456-0300 INFO Tue Jul 06 19:18:40 ART 2021
2021-07-06T19:18:40.476-0300 INFO ARGUMENTS: registerRequest: {"email":"pa@pa.com","password":"1234567","name":"QuiqueA","sourceId":6}, 
2021-07-06T19:18:40.478-0300 INFO METHOD: saveUser
2021-07-06T19:18:40.479-0300 INFO USER CREDENTIAL: ANONYMOUS
2021-07-06T19:18:40.479-0300 INFO EXECUTED IN: 51 ms.
2021-07-06T19:19:23.413-0300 INFO ========================================
2021-07-06T19:19:23.429-0300 INFO Tue Jul 06 19:19:23 ART 2021
2021-07-06T19:19:23.430-0300 INFO ARGUMENTS: registerRequest: {"email":"pa@aa.com","password":"1234567","name":"QuiqueA","sourceId":6}, 
2021-07-06T19:19:23.430-0300 INFO METHOD: saveUser
2021-07-06T19:19:23.430-0300 INFO USER CREDENTIAL: ANONYMOUS
2021-07-06T19:19:23.431-0300 INFO EXECUTED IN: 46 ms.
2021-07-06T19:25:07.696-0300 INFO Starting BackendDesappApiApplication using Java 1.8.0_292 on ko-3 with PID 9337 (/home/quique/repoDAPP/grupoj-2021-backend/out/production/classes started by quique in /home/quique/repoDAPP/grupoj-2021-backend)
2021-07-06T19:25:07.755-0300 DEBUG Running with Spring Boot v2.4.4, Spring v5.3.5
2021-07-06T19:25:07.756-0300 INFO No active profile set, falling back to default profiles: default
2021-07-06T19:25:36.368-0300 DEBUG Filter 'jwtRequestFilter' configured for use
2021-07-06T19:25:41.022-0300 INFO Started BackendDesappApiApplication in 34.728 seconds (JVM running for 37.416)
2021-07-06T19:31:11.885-0300 INFO ========================================
2021-07-06T19:31:11.886-0300 INFO Tue Jul 06 19:31:11 ART 2021
2021-07-06T19:31:11.936-0300 INFO ARGUMENTS: 
2021-07-06T19:31:11.937-0300 INFO METHOD: getAllSources
2021-07-06T19:31:11.939-0300 INFO USER CREDENTIAL: ANONYMOUS
2021-07-06T19:31:11.939-0300 INFO EXECUTED IN: 114 ms.
2021-07-06T19:31:33.100-0300 INFO ========================================
2021-07-06T19:31:33.157-0300 INFO Tue Jul 06 19:31:33 ART 2021
2021-07-06T19:31:33.167-0300 INFO ARGUMENTS: registerRequest: {"email":"pa@pa.com","password":"1234567","name":"QuiqueA","sourceId":6}, 
2021-07-06T19:31:33.168-0300 INFO METHOD: saveUser
2021-07-06T19:31:33.168-0300 INFO USER CREDENTIAL: ANONYMOUS
2021-07-06T19:31:33.168-0300 INFO EXECUTED IN: 83 ms.
