2021-07-06T19:31:11.885-0300 INFO ========================================
2021-07-06T19:31:11.886-0300 INFO Tue Jul 06 19:31:11 ART 2021
2021-07-06T19:31:11.936-0300 INFO ARGUMENTS: 
2021-07-06T19:31:11.937-0300 INFO METHOD: getAllSources
2021-07-06T19:31:11.939-0300 INFO USER CREDENTIAL: ANONYMOUS
2021-07-06T19:31:11.939-0300 INFO EXECUTED IN: 114 ms.
2021-07-06T19:31:33.100-0300 INFO ========================================
2021-07-06T19:31:33.157-0300 INFO Tue Jul 06 19:31:33 ART 2021
2021-07-06T19:31:33.167-0300 INFO ARGUMENTS: registerRequest: {"email":"pa@pa.com","password":"1234567","name":"QuiqueA","sourceId":6}, 
2021-07-06T19:31:33.168-0300 INFO METHOD: saveUser
2021-07-06T19:31:33.168-0300 INFO USER CREDENTIAL: ANONYMOUS
2021-07-06T19:31:33.168-0300 INFO EXECUTED IN: 83 ms.
2021-07-06T20:18:03.639-0300 INFO ========================================
2021-07-06T20:18:03.680-0300 INFO Tue Jul 06 20:18:03 ART 2021
2021-07-06T20:18:03.684-0300 INFO ARGUMENTS: registerRequest: {"email":"pa@paacom","password":"1234567","name":"QuiqueA","sourceId":6}, 
2021-07-06T20:18:03.685-0300 INFO METHOD: saveUser
2021-07-06T20:18:03.685-0300 INFO USER CREDENTIAL: ANONYMOUS
2021-07-06T20:18:03.686-0300 INFO EXECUTED IN: 52 ms.
2021-07-06T20:52:29.750-0300 INFO ========================================
2021-07-06T20:52:29.800-0300 INFO Tue Jul 06 20:52:29 ART 2021
2021-07-06T20:52:29.801-0300 INFO ARGUMENTS: 
2021-07-06T20:52:29.801-0300 INFO METHOD: getAllSources
2021-07-06T20:52:29.801-0300 INFO USER CREDENTIAL: ANONYMOUS
2021-07-06T20:52:29.801-0300 INFO EXECUTED IN: 432 ms.
2021-07-06T20:53:08.434-0300 INFO ========================================
2021-07-06T20:53:08.435-0300 INFO Tue Jul 06 20:53:08 ART 2021
2021-07-06T20:53:08.436-0300 INFO ARGUMENTS: registerRequest: {"email":"pe@pe.com","password":"4a7d1ed414474e4033ac29ccb8653d9b","name":"okaoskd","sourceId":2}, 
2021-07-06T20:53:08.436-0300 INFO METHOD: saveUser
2021-07-06T20:53:08.437-0300 INFO USER CREDENTIAL: ANONYMOUS
2021-07-06T20:53:08.437-0300 INFO EXECUTED IN: 216 ms.
2021-07-06T20:53:22.446-0300 INFO ========================================
2021-07-06T20:53:22.447-0300 INFO Tue Jul 06 20:53:22 ART 2021
2021-07-06T20:53:22.447-0300 INFO ARGUMENTS: authenticationRequest: {"username":"pe@pe.com","password":"4a7d1ed414474e4033ac29ccb8653d9b"}, 
2021-07-06T20:53:22.447-0300 INFO METHOD: createAuthenticationToken
2021-07-06T20:53:22.448-0300 INFO USER CREDENTIAL: ANONYMOUS
2021-07-06T20:53:22.448-0300 INFO EXECUTED IN: 400 ms.
2021-07-06T20:54:24.519-0300 INFO ========================================
2021-07-06T20:54:24.519-0300 INFO Tue Jul 06 20:54:24 ART 2021
2021-07-06T20:54:24.519-0300 INFO ARGUMENTS: 
2021-07-06T20:54:24.519-0300 INFO METHOD: getAllStatistics
2021-07-06T20:54:24.519-0300 INFO USER CREDENTIAL: {pe@pe.com, Netflix}
2021-07-06T20:54:24.519-0300 INFO EXECUTED IN: 263 ms.
2021-07-06T20:54:27.058-0300 INFO ========================================
2021-07-06T20:54:27.058-0300 INFO Tue Jul 06 20:54:27 ART 2021
2021-07-06T20:54:27.058-0300 INFO ARGUMENTS: 
2021-07-06T20:54:27.058-0300 INFO METHOD: getAllReviews
2021-07-06T20:54:27.058-0300 INFO USER CREDENTIAL: {pe@pe.com, Netflix}
2021-07-06T20:54:27.059-0300 INFO EXECUTED IN: 280 ms.
2021-07-06T20:54:29.185-0300 INFO ========================================
2021-07-06T20:54:29.186-0300 INFO Tue Jul 06 20:54:29 ART 2021
2021-07-06T20:54:29.186-0300 INFO ARGUMENTS: 
2021-07-06T20:54:29.186-0300 INFO METHOD: getAllStatistics
2021-07-06T20:54:29.186-0300 INFO USER CREDENTIAL: {pe@pe.com, Netflix}
2021-07-06T20:54:29.186-0300 INFO EXECUTED IN: 75 ms.
2021-07-06T20:55:00.694-0300 INFO ========================================
2021-07-06T20:55:00.695-0300 INFO Tue Jul 06 20:55:00 ART 2021
2021-07-06T20:55:00.695-0300 INFO ARGUMENTS: 
2021-07-06T20:55:00.695-0300 INFO METHOD: getAllReviews
2021-07-06T20:55:00.695-0300 INFO USER CREDENTIAL: {pe@pe.com, Netflix}
2021-07-06T20:55:00.696-0300 INFO EXECUTED IN: 34 ms.
2021-07-06T20:55:33.423-0300 INFO ========================================
2021-07-06T20:55:33.423-0300 INFO Tue Jul 06 20:55:33 ART 2021
2021-07-06T20:55:33.424-0300 INFO ARGUMENTS: 
2021-07-06T20:55:33.424-0300 INFO METHOD: getAllStatistics
2021-07-06T20:55:33.424-0300 INFO USER CREDENTIAL: {pe@pe.com, Netflix}
2021-07-06T20:55:33.424-0300 INFO EXECUTED IN: 35 ms.
2021-07-06T20:56:13.024-0300 INFO ========================================
2021-07-06T20:56:13.025-0300 INFO Tue Jul 06 20:56:13 ART 2021
2021-07-06T20:56:13.025-0300 INFO ARGUMENTS: 
2021-07-06T20:56:13.025-0300 INFO METHOD: getAllReviews
2021-07-06T20:56:13.025-0300 INFO USER CREDENTIAL: {pe@pe.com, Netflix}
2021-07-06T20:56:13.025-0300 INFO EXECUTED IN: 51 ms.
2021-07-06T20:56:44.277-0300 INFO ========================================
2021-07-06T20:56:44.278-0300 INFO Tue Jul 06 20:56:44 ART 2021
2021-07-06T20:56:44.278-0300 INFO ARGUMENTS: authenticationRequest: {"username":"pa@paacom","password":"1234567"}, 
2021-07-06T20:56:44.278-0300 INFO METHOD: createAuthenticationToken
2021-07-06T20:56:44.278-0300 INFO USER CREDENTIAL: ANONYMOUS
2021-07-06T20:56:44.278-0300 INFO EXECUTED IN: 11 ms.
2021-07-06T20:56:59.567-0300 INFO ========================================
2021-07-06T20:56:59.567-0300 INFO Tue Jul 06 20:56:59 ART 2021
2021-07-06T20:56:59.589-0300 INFO ARGUMENTS: aReview: {"id":null,"titleId":1,"text":"a","textExtended":"Bochornoso como Coppolo","rating":5,"spoilerAlert":false,"date":1625615818817,"languageId":3,"type":"NORMAL","user":{"sourceId":2,"userId":"alumno21@alu.unq.edu.ar","userNick":"Jsose","locationId":2}}, 
2021-07-06T20:56:59.589-0300 INFO METHOD: saveReview
2021-07-06T20:56:59.589-0300 INFO USER CREDENTIAL: {pa@paacom, HBO Go}
2021-07-06T20:56:59.589-0300 INFO EXECUTED IN: 702 ms.
2021-07-06T20:57:03.358-0300 INFO ========================================
2021-07-06T20:57:03.358-0300 INFO Tue Jul 06 20:57:03 ART 2021
2021-07-06T20:57:03.359-0300 INFO ARGUMENTS: 
2021-07-06T20:57:03.359-0300 INFO METHOD: getAllReviews
2021-07-06T20:57:03.359-0300 INFO USER CREDENTIAL: {pe@pe.com, Netflix}
2021-07-06T20:57:03.359-0300 INFO EXECUTED IN: 115 ms.
2021-07-06T20:57:13.128-0300 INFO ========================================
2021-07-06T20:57:13.128-0300 INFO Tue Jul 06 20:57:13 ART 2021
2021-07-06T20:57:13.128-0300 INFO ARGUMENTS: 
2021-07-06T20:57:13.128-0300 INFO METHOD: getAllStatistics
2021-07-06T20:57:13.128-0300 INFO USER CREDENTIAL: {pe@pe.com, Netflix}
2021-07-06T20:57:13.128-0300 INFO EXECUTED IN: 120 ms.
2021-07-06T20:57:31.727-0300 INFO ========================================
2021-07-06T20:57:31.728-0300 INFO Tue Jul 06 20:57:31 ART 2021
2021-07-06T20:57:31.728-0300 INFO ARGUMENTS: 
2021-07-06T20:57:31.728-0300 INFO METHOD: getAllReviews
2021-07-06T20:57:31.728-0300 INFO USER CREDENTIAL: {pe@pe.com, Netflix}
2021-07-06T20:57:31.728-0300 INFO EXECUTED IN: 37 ms.
2021-07-06T20:58:01.777-0300 INFO ========================================
2021-07-06T20:58:01.778-0300 INFO Tue Jul 06 20:58:01 ART 2021
2021-07-06T20:58:01.779-0300 INFO ARGUMENTS: 
2021-07-06T20:58:01.779-0300 INFO METHOD: getAllStatistics
2021-07-06T20:58:01.779-0300 INFO USER CREDENTIAL: {pe@pe.com, Netflix}
2021-07-06T20:58:01.779-0300 INFO EXECUTED IN: 20 ms.
2021-07-06T20:58:11.142-0300 INFO ========================================
2021-07-06T20:58:11.142-0300 INFO Tue Jul 06 20:58:11 ART 2021
2021-07-06T20:58:11.142-0300 INFO ARGUMENTS: 
2021-07-06T20:58:11.142-0300 INFO METHOD: getAllLocations
2021-07-06T20:58:11.142-0300 INFO USER CREDENTIAL: {pa@paacom, HBO Go}
2021-07-06T20:58:11.142-0300 INFO EXECUTED IN: 47 ms.
2021-07-06T20:58:14.671-0300 INFO ========================================
2021-07-06T20:58:14.672-0300 INFO Tue Jul 06 20:58:14 ART 2021
2021-07-06T20:58:14.672-0300 INFO ARGUMENTS: 
2021-07-06T20:58:14.672-0300 INFO METHOD: getAllStatistics
2021-07-06T20:58:14.672-0300 INFO USER CREDENTIAL: {pe@pe.com, Netflix}
2021-07-06T20:58:14.672-0300 INFO EXECUTED IN: 64 ms.
2021-07-06T20:58:17.301-0300 INFO ========================================
2021-07-06T20:58:17.301-0300 INFO Tue Jul 06 20:58:17 ART 2021
2021-07-06T20:58:17.301-0300 INFO ARGUMENTS: 
2021-07-06T20:58:17.301-0300 INFO METHOD: getAllStatistics
2021-07-06T20:58:17.301-0300 INFO USER CREDENTIAL: {pe@pe.com, Netflix}
2021-07-06T20:58:17.302-0300 INFO EXECUTED IN: 43 ms.
2021-07-06T20:58:20.079-0300 INFO ========================================
2021-07-06T20:58:20.079-0300 INFO Tue Jul 06 20:58:20 ART 2021
2021-07-06T20:58:20.079-0300 INFO ARGUMENTS: 
2021-07-06T20:58:20.079-0300 INFO METHOD: getAllStatistics
2021-07-06T20:58:20.079-0300 INFO USER CREDENTIAL: {pe@pe.com, Netflix}
2021-07-06T20:58:20.079-0300 INFO EXECUTED IN: 32 ms.
2021-07-06T20:59:28.241-0300 INFO ========================================
2021-07-06T20:59:28.241-0300 INFO Tue Jul 06 20:59:28 ART 2021
2021-07-06T20:59:28.241-0300 INFO ARGUMENTS: registerRequest: {"email":"pe@paacom","password":"1234567","name":"QuiqueA","sourceId":1}, 
2021-07-06T20:59:28.241-0300 INFO METHOD: saveUser
2021-07-06T20:59:28.241-0300 INFO USER CREDENTIAL: ANONYMOUS
2021-07-06T20:59:28.241-0300 INFO EXECUTED IN: 22 ms.
2021-07-06T20:59:33.884-0300 INFO ========================================
2021-07-06T20:59:33.890-0300 INFO Tue Jul 06 20:59:33 ART 2021
2021-07-06T20:59:33.899-0300 INFO ARGUMENTS: authenticationRequest: {"username":"pe@paacom","password":"1234567"}, 
2021-07-06T20:59:33.899-0300 INFO METHOD: createAuthenticationToken
2021-07-06T20:59:33.899-0300 INFO USER CREDENTIAL: ANONYMOUS
2021-07-06T20:59:33.899-0300 INFO EXECUTED IN: 81 ms.
2021-07-06T20:59:42.430-0300 INFO ========================================
2021-07-06T20:59:42.431-0300 INFO Tue Jul 06 20:59:42 ART 2021
2021-07-06T20:59:42.433-0300 INFO ARGUMENTS: 
2021-07-06T20:59:42.433-0300 INFO METHOD: getAllLocations
2021-07-06T20:59:42.434-0300 INFO USER CREDENTIAL: {pe@paacom, Netflix-2}
2021-07-06T20:59:42.434-0300 INFO EXECUTED IN: 27 ms.
2021-07-06T20:59:47.823-0300 INFO ========================================
2021-07-06T20:59:47.824-0300 INFO Tue Jul 06 20:59:47 ART 2021
2021-07-06T20:59:47.824-0300 INFO ARGUMENTS: 
2021-07-06T20:59:47.824-0300 INFO METHOD: getAllStatistics
2021-07-06T20:59:47.824-0300 INFO USER CREDENTIAL: {pe@pe.com, Netflix}
2021-07-06T20:59:47.824-0300 INFO EXECUTED IN: 21 ms.
2021-07-06T20:59:50.508-0300 INFO ========================================
2021-07-06T20:59:50.508-0300 INFO Tue Jul 06 20:59:50 ART 2021
2021-07-06T20:59:50.509-0300 INFO ARGUMENTS: 
2021-07-06T20:59:50.509-0300 INFO METHOD: getAllStatistics
2021-07-06T20:59:50.509-0300 INFO USER CREDENTIAL: {pe@pe.com, Netflix}
2021-07-06T20:59:50.509-0300 INFO EXECUTED IN: 28 ms.
2021-07-06T21:00:04.747-0300 INFO ========================================
2021-07-06T21:00:04.748-0300 INFO Tue Jul 06 21:00:04 ART 2021
2021-07-06T21:00:04.749-0300 INFO ARGUMENTS: registerRequest: {"email":"pee@paacom","password":"1234567","name":"QuiqueA","sourceId":2}, 
2021-07-06T21:00:04.749-0300 INFO METHOD: saveUser
2021-07-06T21:00:04.749-0300 INFO USER CREDENTIAL: ANONYMOUS
2021-07-06T21:00:04.750-0300 INFO EXECUTED IN: 30 ms.
2021-07-06T21:00:10.010-0300 INFO ========================================
2021-07-06T21:00:10.010-0300 INFO Tue Jul 06 21:00:10 ART 2021
2021-07-06T21:00:10.010-0300 INFO ARGUMENTS: authenticationRequest: {"username":"pee@paacom","password":"1234567"}, 
2021-07-06T21:00:10.010-0300 INFO METHOD: createAuthenticationToken
2021-07-06T21:00:10.010-0300 INFO USER CREDENTIAL: ANONYMOUS
2021-07-06T21:00:10.010-0300 INFO EXECUTED IN: 5 ms.
2021-07-06T21:00:23.954-0300 INFO ========================================
2021-07-06T21:00:23.955-0300 INFO Tue Jul 06 21:00:23 ART 2021
2021-07-06T21:00:23.955-0300 INFO ARGUMENTS: 
2021-07-06T21:00:23.955-0300 INFO METHOD: getAllLocations
2021-07-06T21:00:23.955-0300 INFO USER CREDENTIAL: {pee@paacom, Netflix}
2021-07-06T21:00:23.955-0300 INFO EXECUTED IN: 54 ms.
2021-07-06T21:00:29.569-0300 INFO ========================================
2021-07-06T21:00:29.569-0300 INFO Tue Jul 06 21:00:29 ART 2021
2021-07-06T21:00:29.569-0300 INFO ARGUMENTS: 
2021-07-06T21:00:29.569-0300 INFO METHOD: getAllStatistics
2021-07-06T21:00:29.569-0300 INFO USER CREDENTIAL: {pe@pe.com, Netflix}
2021-07-06T21:00:29.569-0300 INFO EXECUTED IN: 38 ms.
2021-07-06T21:01:27.709-0300 INFO ========================================
2021-07-06T21:01:27.710-0300 INFO Tue Jul 06 21:01:27 ART 2021
2021-07-06T21:01:27.710-0300 INFO ARGUMENTS: 
2021-07-06T21:01:27.710-0300 INFO METHOD: getAllSources
2021-07-06T21:01:27.710-0300 INFO USER CREDENTIAL: ANONYMOUS
2021-07-06T21:01:27.710-0300 INFO EXECUTED IN: 14 ms.
2021-07-06T21:07:01.536-0300 INFO ========================================
2021-07-06T21:07:01.577-0300 INFO Tue Jul 06 21:07:01 ART 2021
2021-07-06T21:07:01.578-0300 INFO ARGUMENTS: aReview: {"id":null,"titleId":2,"text":"a","textExtended":"Bochornoso como Coppolo","rating":5,"spoilerAlert":false,"date":1625616421414,"languageId":3,"type":"NORMAL","user":{"sourceId":2,"userId":"alumno21@alu.unq.edu.ar","userNick":"Jsose","locationId":2}}, 
2021-07-06T21:07:01.578-0300 INFO METHOD: saveReview
2021-07-06T21:07:01.578-0300 INFO USER CREDENTIAL: {pa@paacom, HBO Go}
2021-07-06T21:07:01.578-0300 INFO EXECUTED IN: 122 ms.
2021-07-06T21:07:47.442-0300 INFO ========================================
2021-07-06T21:07:47.442-0300 INFO Tue Jul 06 21:07:47 ART 2021
2021-07-06T21:07:47.488-0300 INFO ARGUMENTS: 
2021-07-06T21:07:47.488-0300 INFO METHOD: getAllStatistics
2021-07-06T21:07:47.488-0300 INFO USER CREDENTIAL: {pa@pa.com, HBO Go}
2021-07-06T21:07:47.488-0300 INFO EXECUTED IN: 74 ms.
2021-07-06T21:08:04.457-0300 INFO ========================================
2021-07-06T21:08:04.457-0300 INFO Tue Jul 06 21:08:04 ART 2021
2021-07-06T21:08:04.458-0300 INFO ARGUMENTS: aReview: {"id":null,"titleId":3,"text":"a","textExtended":"Bochornoso como Coppolo","rating":5,"spoilerAlert":false,"date":1625616484346,"languageId":3,"type":"NORMAL","user":{"sourceId":2,"userId":"alumno21@alu.unq.edu.ar","userNick":"Jsose","locationId":2}}, 
2021-07-06T21:08:04.458-0300 INFO METHOD: saveReview
2021-07-06T21:08:04.458-0300 INFO USER CREDENTIAL: {pa@paacom, HBO Go}
2021-07-06T21:08:04.458-0300 INFO EXECUTED IN: 110 ms.
2021-07-06T23:50:28.942-0300 INFO ========================================
2021-07-06T23:50:29.121-0300 INFO Tue Jul 06 23:50:29 ART 2021
2021-07-06T23:50:29.147-0300 INFO ARGUMENTS: 
2021-07-06T23:50:29.148-0300 INFO METHOD: getAllSources
2021-07-06T23:50:29.148-0300 INFO USER CREDENTIAL: ANONYMOUS
2021-07-06T23:50:29.149-0300 INFO EXECUTED IN: 1125 ms.
2021-07-06T23:50:50.979-0300 INFO ========================================
2021-07-06T23:50:51.059-0300 INFO Tue Jul 06 23:50:51 ART 2021
2021-07-06T23:50:51.059-0300 INFO ARGUMENTS: 
2021-07-06T23:50:51.059-0300 INFO METHOD: getAllSources
2021-07-06T23:50:51.059-0300 INFO USER CREDENTIAL: ANONYMOUS
2021-07-06T23:50:51.059-0300 INFO EXECUTED IN: 6 ms.
2021-07-06T23:53:56.788-0300 INFO ========================================
2021-07-06T23:53:56.789-0300 INFO Tue Jul 06 23:53:56 ART 2021
2021-07-06T23:53:56.854-0300 INFO ARGUMENTS: registerRequest: {"email":"asdqasdaq@sadas-c.com","password":"52fe8f312eec568cac3e32e0a2813743","name":"as","sourceId":3}, 
2021-07-06T23:53:56.855-0300 INFO METHOD: saveUser
2021-07-06T23:53:56.855-0300 INFO USER CREDENTIAL: ANONYMOUS
2021-07-06T23:53:56.855-0300 INFO EXECUTED IN: 337 ms.
2021-07-06T23:54:13.881-0300 INFO ========================================
2021-07-06T23:54:13.881-0300 INFO Tue Jul 06 23:54:13 ART 2021
2021-07-06T23:54:13.881-0300 INFO ARGUMENTS: 
2021-07-06T23:54:13.881-0300 INFO METHOD: getAllSources
2021-07-06T23:54:13.881-0300 INFO USER CREDENTIAL: ANONYMOUS
2021-07-06T23:54:13.881-0300 INFO EXECUTED IN: 5 ms.
2021-07-06T23:55:51.938-0300 INFO ========================================
2021-07-06T23:55:51.939-0300 INFO Tue Jul 06 23:55:51 ART 2021
2021-07-06T23:55:51.939-0300 INFO ARGUMENTS: 
2021-07-06T23:55:51.939-0300 INFO METHOD: getAllSources
2021-07-06T23:55:51.939-0300 INFO USER CREDENTIAL: ANONYMOUS
2021-07-06T23:55:51.939-0300 INFO EXECUTED IN: 5 ms.
2021-07-06T23:55:55.302-0300 INFO ========================================
2021-07-06T23:55:55.302-0300 INFO Tue Jul 06 23:55:55 ART 2021
2021-07-06T23:55:55.302-0300 INFO ARGUMENTS: 
2021-07-06T23:55:55.302-0300 INFO METHOD: getAllSources
2021-07-06T23:55:55.302-0300 INFO USER CREDENTIAL: ANONYMOUS
2021-07-06T23:55:55.302-0300 INFO EXECUTED IN: 5 ms.
2021-07-06T23:58:10.136-0300 INFO ========================================
2021-07-06T23:58:10.174-0300 INFO Tue Jul 06 23:58:10 ART 2021
2021-07-06T23:58:10.174-0300 INFO ARGUMENTS: 
2021-07-06T23:58:10.174-0300 INFO METHOD: getAllSources
2021-07-06T23:58:10.174-0300 INFO USER CREDENTIAL: ANONYMOUS
2021-07-06T23:58:10.175-0300 INFO EXECUTED IN: 10 ms.
2021-07-06T23:58:25.887-0300 INFO ========================================
2021-07-06T23:58:25.887-0300 INFO Tue Jul 06 23:58:25 ART 2021
2021-07-06T23:58:25.887-0300 INFO ARGUMENTS: 
2021-07-06T23:58:25.887-0300 INFO METHOD: getAllSources
2021-07-06T23:58:25.887-0300 INFO USER CREDENTIAL: ANONYMOUS
2021-07-06T23:58:25.887-0300 INFO EXECUTED IN: 4 ms.
2021-07-06T23:58:45.436-0300 INFO ========================================
2021-07-06T23:58:45.436-0300 INFO Tue Jul 06 23:58:45 ART 2021
2021-07-06T23:58:45.436-0300 INFO ARGUMENTS: 
2021-07-06T23:58:45.437-0300 INFO METHOD: getAllSources
2021-07-06T23:58:45.437-0300 INFO USER CREDENTIAL: ANONYMOUS
2021-07-06T23:58:45.437-0300 INFO EXECUTED IN: 9 ms.
2021-07-06T23:59:05.769-0300 INFO ========================================
2021-07-06T23:59:05.769-0300 INFO Tue Jul 06 23:59:05 ART 2021
2021-07-06T23:59:05.769-0300 INFO ARGUMENTS: 
2021-07-06T23:59:05.769-0300 INFO METHOD: getAllSources
2021-07-06T23:59:05.769-0300 INFO USER CREDENTIAL: ANONYMOUS
2021-07-06T23:59:05.769-0300 INFO EXECUTED IN: 8 ms.
2021-07-07T00:01:22.294-0300 INFO ========================================
2021-07-07T00:01:22.295-0300 INFO Wed Jul 07 00:01:22 ART 2021
2021-07-07T00:01:22.295-0300 INFO ARGUMENTS: 
2021-07-07T00:01:22.295-0300 INFO METHOD: getAllSources
2021-07-07T00:01:22.295-0300 INFO USER CREDENTIAL: ANONYMOUS
2021-07-07T00:01:22.295-0300 INFO EXECUTED IN: 4 ms.
2021-07-07T00:02:02.628-0300 INFO ========================================
2021-07-07T00:02:02.629-0300 INFO Wed Jul 07 00:02:02 ART 2021
2021-07-07T00:02:02.629-0300 INFO ARGUMENTS: registerRequest: {"email":"alonso.em@gamail.com","password":"d6ef5f7fa914c19931a55bb262ec879c","name":"pepe","sourceId":1}, 
2021-07-07T00:02:02.629-0300 INFO METHOD: saveUser
2021-07-07T00:02:02.629-0300 INFO USER CREDENTIAL: ANONYMOUS
2021-07-07T00:02:02.629-0300 INFO EXECUTED IN: 337 ms.
2021-07-07T00:02:05.565-0300 INFO ========================================
2021-07-07T00:02:05.565-0300 INFO Wed Jul 07 00:02:05 ART 2021
2021-07-07T00:02:05.565-0300 INFO ARGUMENTS: 
2021-07-07T00:02:05.565-0300 INFO METHOD: getAllSources
2021-07-07T00:02:05.565-0300 INFO USER CREDENTIAL: ANONYMOUS
2021-07-07T00:02:05.585-0300 INFO EXECUTED IN: 5 ms.
2021-07-07T00:18:36.968-0300 INFO ========================================
2021-07-07T00:18:37.064-0300 INFO Wed Jul 07 00:18:37 ART 2021
2021-07-07T00:18:37.065-0300 INFO ARGUMENTS: 
2021-07-07T00:18:37.065-0300 INFO METHOD: getAllSources
2021-07-07T00:18:37.065-0300 INFO USER CREDENTIAL: ANONYMOUS
2021-07-07T00:18:37.065-0300 INFO EXECUTED IN: 359 ms.
2021-07-07T00:21:24.540-0300 INFO ========================================
2021-07-07T00:21:24.568-0300 INFO Wed Jul 07 00:21:24 ART 2021
2021-07-07T00:21:24.568-0300 INFO ARGUMENTS: 
2021-07-07T00:21:24.568-0300 INFO METHOD: getAllSources
2021-07-07T00:21:24.568-0300 INFO USER CREDENTIAL: ANONYMOUS
2021-07-07T00:21:24.568-0300 INFO EXECUTED IN: 44 ms.
2021-07-07T00:21:25.481-0300 INFO ========================================
2021-07-07T00:21:25.481-0300 INFO Wed Jul 07 00:21:25 ART 2021
2021-07-07T00:21:25.482-0300 INFO ARGUMENTS: 
2021-07-07T00:21:25.482-0300 INFO METHOD: getAllSources
2021-07-07T00:21:25.482-0300 INFO USER CREDENTIAL: ANONYMOUS
2021-07-07T00:21:25.482-0300 INFO EXECUTED IN: 43 ms.
2021-07-07T00:22:49.859-0300 INFO ========================================
2021-07-07T00:22:49.859-0300 INFO Wed Jul 07 00:22:49 ART 2021
2021-07-07T00:22:49.859-0300 INFO ARGUMENTS: 
2021-07-07T00:22:49.859-0300 INFO METHOD: getAllSources
2021-07-07T00:22:49.859-0300 INFO USER CREDENTIAL: ANONYMOUS
2021-07-07T00:22:49.859-0300 INFO EXECUTED IN: 6 ms.
2021-07-07T00:22:50.813-0300 INFO ========================================
2021-07-07T00:22:50.813-0300 INFO Wed Jul 07 00:22:50 ART 2021
2021-07-07T00:22:50.813-0300 INFO ARGUMENTS: 
2021-07-07T00:22:50.813-0300 INFO METHOD: getAllSources
2021-07-07T00:22:50.813-0300 INFO USER CREDENTIAL: ANONYMOUS
2021-07-07T00:22:50.813-0300 INFO EXECUTED IN: 55 ms.
2021-07-07T00:23:06.380-0300 INFO ========================================
2021-07-07T00:23:06.466-0300 INFO Wed Jul 07 00:23:06 ART 2021
2021-07-07T00:23:06.466-0300 INFO ARGUMENTS: 
2021-07-07T00:23:06.466-0300 INFO METHOD: getAllSources
2021-07-07T00:23:06.466-0300 INFO USER CREDENTIAL: ANONYMOUS
2021-07-07T00:23:06.466-0300 INFO EXECUTED IN: 6 ms.
2021-07-07T00:27:27.073-0300 INFO ========================================
2021-07-07T00:27:27.073-0300 INFO Wed Jul 07 00:27:27 ART 2021
2021-07-07T00:27:27.074-0300 INFO ARGUMENTS: 
2021-07-07T00:27:27.074-0300 INFO METHOD: getAllSources
2021-07-07T00:27:27.075-0300 INFO USER CREDENTIAL: ANONYMOUS
2021-07-07T00:27:27.075-0300 INFO EXECUTED IN: 13 ms.
2021-07-07T00:27:34.208-0300 INFO ========================================
2021-07-07T00:27:34.209-0300 INFO Wed Jul 07 00:27:34 ART 2021
2021-07-07T00:27:34.209-0300 INFO ARGUMENTS: 
2021-07-07T00:27:34.209-0300 INFO METHOD: getAllSources
2021-07-07T00:27:34.209-0300 INFO USER CREDENTIAL: ANONYMOUS
2021-07-07T00:27:34.209-0300 INFO EXECUTED IN: 4 ms.
2021-07-07T00:28:03.912-0300 INFO ========================================
2021-07-07T00:28:03.913-0300 INFO Wed Jul 07 00:28:03 ART 2021
2021-07-07T00:28:03.913-0300 INFO ARGUMENTS: 
2021-07-07T00:28:03.913-0300 INFO METHOD: getAllSources
2021-07-07T00:28:03.913-0300 INFO USER CREDENTIAL: ANONYMOUS
2021-07-07T00:28:03.913-0300 INFO EXECUTED IN: 10 ms.
2021-07-07T00:34:35.155-0300 INFO ========================================
2021-07-07T00:34:35.155-0300 INFO Wed Jul 07 00:34:35 ART 2021
2021-07-07T00:34:35.155-0300 INFO ARGUMENTS: 
2021-07-07T00:34:35.155-0300 INFO METHOD: getAllSources
2021-07-07T00:34:35.181-0300 INFO USER CREDENTIAL: ANONYMOUS
2021-07-07T00:34:35.181-0300 INFO EXECUTED IN: 5 ms.
2021-07-07T00:35:03.092-0300 INFO ========================================
2021-07-07T00:35:03.092-0300 INFO Wed Jul 07 00:35:03 ART 2021
2021-07-07T00:35:03.092-0300 INFO ARGUMENTS: 
2021-07-07T00:35:03.092-0300 INFO METHOD: getAllSources
2021-07-07T00:35:03.092-0300 INFO USER CREDENTIAL: ANONYMOUS
2021-07-07T00:35:03.092-0300 INFO EXECUTED IN: 5 ms.
2021-07-07T00:43:33.558-0300 INFO ========================================
2021-07-07T00:43:33.645-0300 INFO Wed Jul 07 00:43:33 ART 2021
2021-07-07T00:43:33.646-0300 INFO ARGUMENTS: 
2021-07-07T00:43:33.646-0300 INFO METHOD: getAllSources
2021-07-07T00:43:33.646-0300 INFO USER CREDENTIAL: ANONYMOUS
2021-07-07T00:43:33.646-0300 INFO EXECUTED IN: 549 ms.
2021-07-07T00:43:36.959-0300 INFO ========================================
2021-07-07T00:43:36.959-0300 INFO Wed Jul 07 00:43:36 ART 2021
2021-07-07T00:43:36.959-0300 INFO ARGUMENTS: 
2021-07-07T00:43:36.959-0300 INFO METHOD: getAllSources
2021-07-07T00:43:36.959-0300 INFO USER CREDENTIAL: ANONYMOUS
2021-07-07T00:43:36.959-0300 INFO EXECUTED IN: 5 ms.
2021-07-07T00:47:10.750-0300 INFO ========================================
2021-07-07T00:47:10.751-0300 INFO Wed Jul 07 00:47:10 ART 2021
2021-07-07T00:47:10.751-0300 INFO ARGUMENTS: 
2021-07-07T00:47:10.751-0300 INFO METHOD: getAllSources
2021-07-07T00:47:10.751-0300 INFO USER CREDENTIAL: ANONYMOUS
2021-07-07T00:47:10.751-0300 INFO EXECUTED IN: 4 ms.
2021-07-07T00:47:15.379-0300 INFO ========================================
2021-07-07T00:47:15.380-0300 INFO Wed Jul 07 00:47:15 ART 2021
2021-07-07T00:47:15.380-0300 INFO ARGUMENTS: 
2021-07-07T00:47:15.380-0300 INFO METHOD: getAllSources
2021-07-07T00:47:15.380-0300 INFO USER CREDENTIAL: ANONYMOUS
2021-07-07T00:47:15.380-0300 INFO EXECUTED IN: 4 ms.
2021-07-07T00:49:04.099-0300 INFO ========================================
2021-07-07T00:49:04.099-0300 INFO Wed Jul 07 00:49:04 ART 2021
2021-07-07T00:49:04.099-0300 INFO ARGUMENTS: 
2021-07-07T00:49:04.099-0300 INFO METHOD: getAllSources
2021-07-07T00:49:04.099-0300 INFO USER CREDENTIAL: ANONYMOUS
2021-07-07T00:49:04.099-0300 INFO EXECUTED IN: 4 ms.
2021-07-07T00:49:15.390-0300 INFO ========================================
2021-07-07T00:49:15.391-0300 INFO Wed Jul 07 00:49:15 ART 2021
2021-07-07T00:49:15.497-0300 INFO ARGUMENTS: registerRequest: {"email":"alonso.em@gmail.coms","password":"a8f5f167f44f4964e6c998dee827110c","name":"as","sourceId":1}, 
2021-07-07T00:49:15.498-0300 INFO METHOD: saveUser
2021-07-07T00:49:15.498-0300 INFO USER CREDENTIAL: ANONYMOUS
2021-07-07T00:49:15.498-0300 INFO EXECUTED IN: 30 ms.
2021-07-07T00:49:19.002-0300 INFO ========================================
2021-07-07T00:49:19.002-0300 INFO Wed Jul 07 00:49:19 ART 2021
2021-07-07T00:49:19.002-0300 INFO ARGUMENTS: 
2021-07-07T00:49:19.002-0300 INFO METHOD: getAllSources
2021-07-07T00:49:19.002-0300 INFO USER CREDENTIAL: ANONYMOUS
2021-07-07T00:49:19.002-0300 INFO EXECUTED IN: 3 ms.
2021-07-07T00:51:29.427-0300 INFO ========================================
2021-07-07T00:51:29.427-0300 INFO Wed Jul 07 00:51:29 ART 2021
2021-07-07T00:51:29.427-0300 INFO ARGUMENTS: 
2021-07-07T00:51:29.427-0300 INFO METHOD: getAllSources
2021-07-07T00:51:29.427-0300 INFO USER CREDENTIAL: ANONYMOUS
2021-07-07T00:51:29.427-0300 INFO EXECUTED IN: 7 ms.
2021-07-07T00:54:10.153-0300 INFO ========================================
2021-07-07T00:54:10.153-0300 INFO Wed Jul 07 00:54:10 ART 2021
2021-07-07T00:54:10.153-0300 INFO ARGUMENTS: 
2021-07-07T00:54:10.153-0300 INFO METHOD: getAllSources
2021-07-07T00:54:10.153-0300 INFO USER CREDENTIAL: ANONYMOUS
2021-07-07T00:54:10.153-0300 INFO EXECUTED IN: 3 ms.
2021-07-07T00:54:17.360-0300 INFO ========================================
2021-07-07T00:54:17.360-0300 INFO Wed Jul 07 00:54:17 ART 2021
2021-07-07T00:54:17.360-0300 INFO ARGUMENTS: 
2021-07-07T00:54:17.360-0300 INFO METHOD: getAllSources
2021-07-07T00:54:17.360-0300 INFO USER CREDENTIAL: ANONYMOUS
2021-07-07T00:54:17.360-0300 INFO EXECUTED IN: 4 ms.
2021-07-07T00:54:51.495-0300 INFO ========================================
2021-07-07T00:54:51.495-0300 INFO Wed Jul 07 00:54:51 ART 2021
2021-07-07T00:54:51.496-0300 INFO ARGUMENTS: registerRequest: {"email":"alonso.em@gmail.coma","password":"43cca4b3de2097b9558efefd0ecc3588","name":"asd","sourceId":3}, 
2021-07-07T00:54:51.497-0300 INFO METHOD: saveUser
2021-07-07T00:54:51.497-0300 INFO USER CREDENTIAL: ANONYMOUS
2021-07-07T00:54:51.497-0300 INFO EXECUTED IN: 54 ms.
2021-07-07T00:58:03.590-0300 INFO ========================================
2021-07-07T00:58:03.590-0300 INFO Wed Jul 07 00:58:03 ART 2021
2021-07-07T00:58:03.592-0300 INFO ARGUMENTS: authenticationRequest: {"username":"alonso.em@gmail.com","password":"4a7d1ed414474e4033ac29ccb8653d9b"}, 
2021-07-07T00:58:03.592-0300 INFO METHOD: createAuthenticationToken
2021-07-07T00:58:03.593-0300 INFO USER CREDENTIAL: ANONYMOUS
2021-07-07T00:58:03.593-0300 INFO EXECUTED IN: 395 ms.
2021-07-07T01:10:32.743-0300 INFO ========================================
2021-07-07T01:10:32.805-0300 INFO Wed Jul 07 01:10:32 ART 2021
2021-07-07T01:10:32.920-0300 INFO ARGUMENTS: registerRequest: {"email":"pee@paacom","password":"1234567","name":"QuiqueA","sourceId":2}, 
2021-07-07T01:10:32.920-0300 INFO METHOD: saveUser
2021-07-07T01:10:32.921-0300 INFO USER CREDENTIAL: ANONYMOUS
2021-07-07T01:10:32.921-0300 INFO EXECUTED IN: 92 ms.
2021-07-07T01:10:36.134-0300 INFO ========================================
2021-07-07T01:10:36.135-0300 INFO Wed Jul 07 01:10:36 ART 2021
2021-07-07T01:10:36.136-0300 INFO ARGUMENTS: authenticationRequest: {"username":"pee@paacom","password":"1234567"}, 
2021-07-07T01:10:36.137-0300 INFO METHOD: createAuthenticationToken
2021-07-07T01:10:36.137-0300 INFO USER CREDENTIAL: ANONYMOUS
2021-07-07T01:10:36.137-0300 INFO EXECUTED IN: 108 ms.
2021-07-07T01:10:53.737-0300 INFO ========================================
2021-07-07T01:10:53.737-0300 INFO Wed Jul 07 01:10:53 ART 2021
2021-07-07T01:10:53.759-0300 INFO ARGUMENTS: req: {"decade":["D2010"],"rating":null,"minStars":0,"actors":["Quique"],"genres":["COMEDY"]}, 
2021-07-07T01:10:53.760-0300 INFO METHOD: getAllTitlesMatching
2021-07-07T01:10:53.760-0300 INFO USER CREDENTIAL: {pee@paacom, Netflix}
2021-07-07T01:10:53.760-0300 INFO EXECUTED IN: 697 ms.
2021-07-07T01:11:58.629-0300 INFO ========================================
2021-07-07T01:11:58.629-0300 INFO Wed Jul 07 01:11:58 ART 2021
2021-07-07T01:11:58.630-0300 INFO ARGUMENTS: req: {"decade":["D2010"],"rating":null,"minStars":0,"actors":["Quique"],"genres":["COMEDY"]}, 
2021-07-07T01:11:58.631-0300 INFO METHOD: getAllTitlesMatching
2021-07-07T01:11:58.631-0300 INFO USER CREDENTIAL: {pee@paacom, Netflix}
2021-07-07T01:11:58.631-0300 INFO EXECUTED IN: 53 ms.
2021-07-07T01:14:48.789-0300 INFO ========================================
2021-07-07T01:14:48.812-0300 INFO Wed Jul 07 01:14:48 ART 2021
2021-07-07T01:14:48.852-0300 INFO ARGUMENTS: registerRequest: {"email":"pee@paacom","password":"1234567","name":"QuiqueA","sourceId":2}, 
2021-07-07T01:14:48.854-0300 INFO METHOD: saveUser
2021-07-07T01:14:48.855-0300 INFO USER CREDENTIAL: ANONYMOUS
2021-07-07T01:14:48.856-0300 INFO EXECUTED IN: 44 ms.
2021-07-07T01:14:51.596-0300 INFO ========================================
2021-07-07T01:14:51.596-0300 INFO Wed Jul 07 01:14:51 ART 2021
2021-07-07T01:14:51.597-0300 INFO ARGUMENTS: authenticationRequest: {"username":"pee@paacom","password":"1234567"}, 
2021-07-07T01:14:51.597-0300 INFO METHOD: createAuthenticationToken
2021-07-07T01:14:51.597-0300 INFO USER CREDENTIAL: ANONYMOUS
2021-07-07T01:14:51.597-0300 INFO EXECUTED IN: 37 ms.
2021-07-07T01:15:00.718-0300 INFO ========================================
2021-07-07T01:15:00.718-0300 INFO Wed Jul 07 01:15:00 ART 2021
2021-07-07T01:15:00.721-0300 INFO ARGUMENTS: req: {"decade":["D2010"],"rating":null,"minStars":0,"actors":["Quique"],"genres":["COMEDY"]}, 
2021-07-07T01:15:00.721-0300 INFO METHOD: getAllTitlesMatching
2021-07-07T01:15:00.721-0300 INFO USER CREDENTIAL: {pee@paacom, Netflix}
2021-07-07T01:15:00.721-0300 INFO EXECUTED IN: 150 ms.
2021-07-07T01:19:07.994-0300 INFO ========================================
2021-07-07T01:19:07.995-0300 INFO Wed Jul 07 01:19:07 ART 2021
2021-07-07T01:19:08.030-0300 INFO ARGUMENTS: registerRequest: {"email":"pee@paacom","password":"1234567","name":"QuiqueA","sourceId":2}, 
2021-07-07T01:19:08.031-0300 INFO METHOD: saveUser
2021-07-07T01:19:08.031-0300 INFO USER CREDENTIAL: ANONYMOUS
2021-07-07T01:19:08.031-0300 INFO EXECUTED IN: 70 ms.
2021-07-07T01:19:10.032-0300 INFO ========================================
2021-07-07T01:19:10.032-0300 INFO Wed Jul 07 01:19:10 ART 2021
2021-07-07T01:19:10.033-0300 INFO ARGUMENTS: authenticationRequest: {"username":"pee@paacom","password":"1234567"}, 
2021-07-07T01:19:10.033-0300 INFO METHOD: createAuthenticationToken
2021-07-07T01:19:10.033-0300 INFO USER CREDENTIAL: ANONYMOUS
2021-07-07T01:19:10.034-0300 INFO EXECUTED IN: 68 ms.
2021-07-07T01:19:14.583-0300 INFO ========================================
2021-07-07T01:19:14.583-0300 INFO Wed Jul 07 01:19:14 ART 2021
2021-07-07T01:19:14.595-0300 INFO ARGUMENTS: req: {"decade":["D2010"],"rating":null,"minStars":0,"actors":["Quique"],"genres":["COMEDY"]}, 
2021-07-07T01:19:14.595-0300 INFO METHOD: getAllTitlesMatching
2021-07-07T01:19:14.595-0300 INFO USER CREDENTIAL: {pee@paacom, Netflix}
2021-07-07T01:19:14.595-0300 INFO EXECUTED IN: 156 ms.
2021-07-07T01:19:41.839-0300 INFO ========================================
2021-07-07T01:19:41.839-0300 INFO Wed Jul 07 01:19:41 ART 2021
2021-07-07T01:19:41.839-0300 INFO ARGUMENTS: 
2021-07-07T01:19:41.839-0300 INFO METHOD: getAllSources
2021-07-07T01:19:41.839-0300 INFO USER CREDENTIAL: ANONYMOUS
2021-07-07T01:19:41.839-0300 INFO EXECUTED IN: 16 ms.
2021-07-07T01:19:54.855-0300 INFO ========================================
2021-07-07T01:19:54.855-0300 INFO Wed Jul 07 01:19:54 ART 2021
2021-07-07T01:19:54.856-0300 INFO ARGUMENTS: registerRequest: {"email":"p@p.com","password":"4a7d1ed414474e4033ac29ccb8653d9b","name":"papa","sourceId":2}, 
2021-07-07T01:19:54.856-0300 INFO METHOD: saveUser
2021-07-07T01:19:54.856-0300 INFO USER CREDENTIAL: ANONYMOUS
2021-07-07T01:19:54.856-0300 INFO EXECUTED IN: 16 ms.
2021-07-07T01:20:01.293-0300 INFO ========================================
2021-07-07T01:20:01.293-0300 INFO Wed Jul 07 01:20:01 ART 2021
2021-07-07T01:20:01.293-0300 INFO ARGUMENTS: authenticationRequest: {"username":"p@p.com","password":"4a7d1ed414474e4033ac29ccb8653d9b"}, 
2021-07-07T01:20:01.293-0300 INFO METHOD: createAuthenticationToken
2021-07-07T01:20:01.293-0300 INFO USER CREDENTIAL: ANONYMOUS
2021-07-07T01:20:01.293-0300 INFO EXECUTED IN: 5 ms.
2021-07-07T01:20:52.697-0300 INFO ========================================
2021-07-07T01:20:52.698-0300 INFO Wed Jul 07 01:20:52 ART 2021
2021-07-07T01:20:52.698-0300 INFO ARGUMENTS: req: {"decade":["D2010"],"rating":null,"minStars":0,"actors":["Quique"],"genres":["COMEDY"]}, 
2021-07-07T01:20:52.698-0300 INFO METHOD: getAllTitlesMatching
2021-07-07T01:20:52.698-0300 INFO USER CREDENTIAL: {pee@paacom, Netflix}
2021-07-07T01:20:52.698-0300 INFO EXECUTED IN: 27 ms.
2021-07-07T01:25:59.360-0300 INFO ========================================
2021-07-07T01:25:59.360-0300 INFO Wed Jul 07 01:25:59 ART 2021
2021-07-07T01:25:59.399-0300 INFO ARGUMENTS: registerRequest: {"email":"pee@paacom","password":"1234567","name":"QuiqueA","sourceId":2}, 
2021-07-07T01:25:59.400-0300 INFO METHOD: saveUser
2021-07-07T01:25:59.400-0300 INFO USER CREDENTIAL: ANONYMOUS
2021-07-07T01:25:59.400-0300 INFO EXECUTED IN: 48 ms.
2021-07-07T01:26:02.705-0300 INFO ========================================
2021-07-07T01:26:02.705-0300 INFO Wed Jul 07 01:26:02 ART 2021
2021-07-07T01:26:02.707-0300 INFO ARGUMENTS: authenticationRequest: {"username":"pee@paacom","password":"1234567"}, 
2021-07-07T01:26:02.707-0300 INFO METHOD: createAuthenticationToken
2021-07-07T01:26:02.708-0300 INFO USER CREDENTIAL: ANONYMOUS
2021-07-07T01:26:02.708-0300 INFO EXECUTED IN: 88 ms.
2021-07-07T01:26:59.609-0300 INFO ========================================
2021-07-07T01:26:59.609-0300 INFO Wed Jul 07 01:26:59 ART 2021
2021-07-07T01:26:59.617-0300 INFO ARGUMENTS: req: {"decade":["D2010"],"rating":null,"minStars":0,"actors":["Quique"],"genres":["COMEDY"]}, 
2021-07-07T01:26:59.618-0300 INFO METHOD: getAllTitlesMatching
2021-07-07T01:26:59.618-0300 INFO USER CREDENTIAL: {pee@paacom, Netflix}
2021-07-07T01:26:59.618-0300 INFO EXECUTED IN: 52260 ms.
2021-07-07T01:31:33.801-0300 INFO ========================================
2021-07-07T01:31:33.801-0300 INFO Wed Jul 07 01:31:33 ART 2021
2021-07-07T01:31:33.828-0300 INFO ARGUMENTS: registerRequest: {"email":"pee@paacom","password":"1234567","name":"QuiqueA","sourceId":2}, 
2021-07-07T01:31:33.828-0300 INFO METHOD: saveUser
2021-07-07T01:31:33.830-0300 INFO USER CREDENTIAL: ANONYMOUS
2021-07-07T01:31:33.830-0300 INFO EXECUTED IN: 80 ms.
2021-07-07T01:31:35.955-0300 INFO ========================================
2021-07-07T01:31:35.956-0300 INFO Wed Jul 07 01:31:35 ART 2021
2021-07-07T01:31:35.956-0300 INFO ARGUMENTS: authenticationRequest: {"username":"pee@paacom","password":"1234567"}, 
2021-07-07T01:31:35.956-0300 INFO METHOD: createAuthenticationToken
2021-07-07T01:31:35.957-0300 INFO USER CREDENTIAL: ANONYMOUS
2021-07-07T01:31:35.957-0300 INFO EXECUTED IN: 75 ms.
2021-07-07T01:31:46.019-0300 INFO ========================================
2021-07-07T01:31:46.019-0300 INFO Wed Jul 07 01:31:46 ART 2021
2021-07-07T01:31:46.029-0300 INFO ARGUMENTS: req: {"decade":["D2010"],"rating":null,"minStars":0,"actors":["Quique"],"genres":["COMEDY"]}, 
2021-07-07T01:31:46.029-0300 INFO METHOD: getAllTitlesMatching
2021-07-07T01:31:46.029-0300 INFO USER CREDENTIAL: {pee@paacom, Netflix}
2021-07-07T01:31:46.029-0300 INFO EXECUTED IN: 6885 ms.
2021-07-07T01:32:02.702-0300 INFO ========================================
2021-07-07T01:32:02.703-0300 INFO Wed Jul 07 01:32:02 ART 2021
2021-07-07T01:32:02.703-0300 INFO ARGUMENTS: 
2021-07-07T01:32:02.703-0300 INFO METHOD: getAllStatistics
2021-07-07T01:32:02.703-0300 INFO USER CREDENTIAL: {pee@paacom, Netflix}
2021-07-07T01:32:02.703-0300 INFO EXECUTED IN: 10501 ms.
2021-07-07T01:32:31.870-0300 INFO ========================================
2021-07-07T01:32:31.870-0300 INFO Wed Jul 07 01:32:31 ART 2021
2021-07-07T01:32:31.871-0300 INFO ARGUMENTS: 
2021-07-07T01:32:31.871-0300 INFO METHOD: getAllSources
2021-07-07T01:32:31.871-0300 INFO USER CREDENTIAL: ANONYMOUS
2021-07-07T01:32:31.871-0300 INFO EXECUTED IN: 40 ms.
2021-07-07T01:32:43.198-0300 INFO ========================================
2021-07-07T01:32:43.198-0300 INFO Wed Jul 07 01:32:43 ART 2021
2021-07-07T01:32:43.199-0300 INFO ARGUMENTS: registerRequest: {"email":"p@p.com","password":"4a7d1ed414474e4033ac29ccb8653d9b","name":"p@p.com","sourceId":2}, 
2021-07-07T01:32:43.199-0300 INFO METHOD: saveUser
2021-07-07T01:32:43.199-0300 INFO USER CREDENTIAL: ANONYMOUS
2021-07-07T01:32:43.199-0300 INFO EXECUTED IN: 44 ms.
2021-07-07T01:32:49.330-0300 INFO ========================================
2021-07-07T01:32:49.330-0300 INFO Wed Jul 07 01:32:49 ART 2021
2021-07-07T01:32:49.331-0300 INFO ARGUMENTS: authenticationRequest: {"username":"p@p.com","password":"4a7d1ed414474e4033ac29ccb8653d9b"}, 
2021-07-07T01:32:49.331-0300 INFO METHOD: createAuthenticationToken
2021-07-07T01:32:49.331-0300 INFO USER CREDENTIAL: ANONYMOUS
2021-07-07T01:32:49.331-0300 INFO EXECUTED IN: 13 ms.
2021-07-07T01:33:23.621-0300 INFO ========================================
2021-07-07T01:33:23.622-0300 INFO Wed Jul 07 01:33:23 ART 2021
2021-07-07T01:33:23.622-0300 INFO ARGUMENTS: 
2021-07-07T01:33:23.622-0300 INFO METHOD: getAllReviews
2021-07-07T01:33:23.622-0300 INFO USER CREDENTIAL: {p@p.com, Netflix}
2021-07-07T01:33:23.622-0300 INFO EXECUTED IN: 34165 ms.
2021-07-07T01:33:26.060-0300 INFO ========================================
2021-07-07T01:33:26.061-0300 INFO Wed Jul 07 01:33:26 ART 2021
2021-07-07T01:33:26.063-0300 INFO ========================================
2021-07-07T01:33:26.074-0300 INFO ARGUMENTS: 
2021-07-07T01:33:26.074-0300 INFO Wed Jul 07 01:33:26 ART 2021
2021-07-07T01:33:26.074-0300 INFO METHOD: getAllReviews
2021-07-07T01:33:26.074-0300 INFO ARGUMENTS: 
2021-07-07T01:33:26.074-0300 INFO USER CREDENTIAL: {p@p.com, Netflix}
2021-07-07T01:33:26.074-0300 INFO METHOD: getAllReviews
2021-07-07T01:33:26.074-0300 INFO EXECUTED IN: 2457 ms.
2021-07-07T01:33:26.074-0300 INFO USER CREDENTIAL: {p@p.com, Netflix}
2021-07-07T01:33:26.074-0300 INFO EXECUTED IN: 2363 ms.
2021-07-07T01:33:26.607-0300 INFO ========================================
2021-07-07T01:33:26.607-0300 INFO Wed Jul 07 01:33:26 ART 2021
2021-07-07T01:33:26.607-0300 INFO ARGUMENTS: 
2021-07-07T01:33:26.607-0300 INFO METHOD: getAllStatistics
2021-07-07T01:33:26.608-0300 INFO USER CREDENTIAL: {p@p.com, Netflix}
2021-07-07T01:33:26.608-0300 INFO EXECUTED IN: 2986 ms.
2021-07-07T01:33:26.670-0300 INFO ========================================
2021-07-07T01:33:26.670-0300 INFO Wed Jul 07 01:33:26 ART 2021
2021-07-07T01:33:26.670-0300 INFO ARGUMENTS: 
2021-07-07T01:33:26.670-0300 INFO METHOD: getAllStatistics
2021-07-07T01:33:26.670-0300 INFO USER CREDENTIAL: {p@p.com, Netflix}
2021-07-07T01:33:26.670-0300 INFO EXECUTED IN: 2969 ms.
2021-07-07T01:33:26.674-0300 INFO ========================================
2021-07-07T01:33:26.674-0300 INFO Wed Jul 07 01:33:26 ART 2021
2021-07-07T01:33:26.674-0300 INFO ARGUMENTS: 
2021-07-07T01:33:26.674-0300 INFO METHOD: getAllReviews
2021-07-07T01:33:26.674-0300 INFO USER CREDENTIAL: {p@p.com, Netflix}
2021-07-07T01:33:26.674-0300 INFO EXECUTED IN: 2973 ms.
2021-07-07T01:33:26.698-0300 INFO ========================================
2021-07-07T01:33:26.699-0300 INFO Wed Jul 07 01:33:26 ART 2021
2021-07-07T01:33:26.699-0300 INFO ARGUMENTS: 
2021-07-07T01:33:26.699-0300 INFO METHOD: getAllStatistics
2021-07-07T01:33:26.699-0300 INFO USER CREDENTIAL: {p@p.com, Netflix}
2021-07-07T01:33:26.699-0300 INFO EXECUTED IN: 1984 ms.
2021-07-07T01:33:26.699-0300 INFO ========================================
2021-07-07T01:33:26.699-0300 INFO Wed Jul 07 01:33:26 ART 2021
2021-07-07T01:33:26.699-0300 INFO ARGUMENTS: 
2021-07-07T01:33:26.699-0300 INFO METHOD: getAllStatistics
2021-07-07T01:33:26.699-0300 INFO USER CREDENTIAL: {p@p.com, Netflix}
2021-07-07T01:33:26.699-0300 INFO EXECUTED IN: 2041 ms.
2021-07-07T01:33:27.378-0300 INFO ========================================
2021-07-07T01:33:27.379-0300 INFO Wed Jul 07 01:33:27 ART 2021
2021-07-07T01:33:27.379-0300 INFO ARGUMENTS: 
2021-07-07T01:33:27.380-0300 INFO METHOD: getAllStatistics
2021-07-07T01:33:27.380-0300 INFO USER CREDENTIAL: {p@p.com, Netflix}
2021-07-07T01:33:27.381-0300 INFO EXECUTED IN: 3758 ms.
2021-07-07T01:49:46.501-0300 INFO ========================================
2021-07-07T01:49:46.517-0300 INFO Wed Jul 07 01:49:46 ART 2021
2021-07-07T01:49:46.520-0300 INFO ARGUMENTS: 
2021-07-07T01:49:46.520-0300 INFO METHOD: getAllSources
2021-07-07T01:49:46.520-0300 INFO USER CREDENTIAL: ANONYMOUS
2021-07-07T01:49:46.520-0300 INFO EXECUTED IN: 49 ms.
2021-07-07T01:49:56.947-0300 INFO ========================================
2021-07-07T01:49:56.948-0300 INFO Wed Jul 07 01:49:56 ART 2021
2021-07-07T01:49:56.963-0300 INFO ARGUMENTS: registerRequest: {"email":"p@p.com","password":"4a7d1ed414474e4033ac29ccb8653d9b","name":"p","sourceId":2}, 
2021-07-07T01:49:56.963-0300 INFO METHOD: saveUser
2021-07-07T01:49:56.963-0300 INFO USER CREDENTIAL: ANONYMOUS
2021-07-07T01:49:56.963-0300 INFO EXECUTED IN: 47 ms.
2021-07-07T01:50:06.278-0300 INFO ========================================
2021-07-07T01:50:06.278-0300 INFO Wed Jul 07 01:50:06 ART 2021
2021-07-07T01:50:06.279-0300 INFO ARGUMENTS: authenticationRequest: {"username":"p@p.com","password":"4a7d1ed414474e4033ac29ccb8653d9b"}, 
2021-07-07T01:50:06.279-0300 INFO METHOD: createAuthenticationToken
2021-07-07T01:50:06.279-0300 INFO USER CREDENTIAL: ANONYMOUS
2021-07-07T01:50:06.279-0300 INFO EXECUTED IN: 37 ms.
2021-07-07T01:50:06.419-0300 INFO ========================================
2021-07-07T01:50:06.419-0300 INFO Wed Jul 07 01:50:06 ART 2021
2021-07-07T01:50:06.419-0300 INFO ARGUMENTS: 
2021-07-07T01:50:06.419-0300 INFO METHOD: getAllReviews
2021-07-07T01:50:06.419-0300 INFO USER CREDENTIAL: {p@p.com, Netflix}
2021-07-07T01:50:06.419-0300 INFO EXECUTED IN: 66 ms.
2021-07-07T01:50:10.023-0300 INFO ========================================
2021-07-07T01:50:10.023-0300 INFO Wed Jul 07 01:50:10 ART 2021
2021-07-07T01:50:10.024-0300 INFO ARGUMENTS: 
2021-07-07T01:50:10.024-0300 INFO METHOD: getAllStatistics
2021-07-07T01:50:10.025-0300 INFO USER CREDENTIAL: {p@p.com, Netflix}
2021-07-07T01:50:10.025-0300 INFO EXECUTED IN: 76 ms.
2021-07-07T01:50:16.898-0300 INFO ========================================
2021-07-07T01:50:16.899-0300 INFO Wed Jul 07 01:50:16 ART 2021
2021-07-07T01:50:16.899-0300 INFO ARGUMENTS: 
2021-07-07T01:50:16.899-0300 INFO METHOD: getAllReviews
2021-07-07T01:50:16.899-0300 INFO USER CREDENTIAL: {p@p.com, Netflix}
2021-07-07T01:50:16.899-0300 INFO EXECUTED IN: 57 ms.
2021-07-07T01:50:18.803-0300 INFO ========================================
2021-07-07T01:50:18.803-0300 INFO Wed Jul 07 01:50:18 ART 2021
2021-07-07T01:50:18.803-0300 INFO ARGUMENTS: 
2021-07-07T01:50:18.804-0300 INFO METHOD: getAllStatistics
2021-07-07T01:50:18.804-0300 INFO USER CREDENTIAL: {p@p.com, Netflix}
2021-07-07T01:50:18.804-0300 INFO EXECUTED IN: 108 ms.
2021-07-07T01:50:22.372-0300 INFO ========================================
2021-07-07T01:50:22.372-0300 INFO Wed Jul 07 01:50:22 ART 2021
2021-07-07T01:50:22.372-0300 INFO ARGUMENTS: 
2021-07-07T01:50:22.372-0300 INFO METHOD: getAllReviews
2021-07-07T01:50:22.372-0300 INFO USER CREDENTIAL: {p@p.com, Netflix}
2021-07-07T01:50:22.372-0300 INFO EXECUTED IN: 30 ms.
2021-07-07T01:50:23.155-0300 INFO ========================================
2021-07-07T01:50:23.155-0300 INFO Wed Jul 07 01:50:23 ART 2021
2021-07-07T01:50:23.156-0300 INFO ARGUMENTS: 
2021-07-07T01:50:23.156-0300 INFO METHOD: getAllStatistics
2021-07-07T01:50:23.156-0300 INFO USER CREDENTIAL: {p@p.com, Netflix}
2021-07-07T01:50:23.156-0300 INFO EXECUTED IN: 26 ms.
2021-07-07T01:50:24.470-0300 INFO ========================================
2021-07-07T01:50:24.471-0300 INFO Wed Jul 07 01:50:24 ART 2021
2021-07-07T01:50:24.471-0300 INFO ARGUMENTS: 
2021-07-07T01:50:24.471-0300 INFO METHOD: getAllReviews
2021-07-07T01:50:24.471-0300 INFO USER CREDENTIAL: {p@p.com, Netflix}
2021-07-07T01:50:24.471-0300 INFO EXECUTED IN: 341 ms.
2021-07-07T01:50:24.812-0300 INFO ========================================
2021-07-07T01:50:24.812-0300 INFO Wed Jul 07 01:50:24 ART 2021
2021-07-07T01:50:24.813-0300 INFO ARGUMENTS: 
2021-07-07T01:50:24.813-0300 INFO METHOD: getAllStatistics
2021-07-07T01:50:24.813-0300 INFO USER CREDENTIAL: {p@p.com, Netflix}
2021-07-07T01:50:24.813-0300 INFO EXECUTED IN: 54 ms.
2021-07-07T01:50:38.787-0300 INFO ========================================
2021-07-07T01:50:38.788-0300 INFO Wed Jul 07 01:50:38 ART 2021
2021-07-07T01:50:38.791-0300 INFO ARGUMENTS: registerRequest: {"email":"pee@paacom","password":"1234567","name":"QuiqueA","sourceId":2}, 
2021-07-07T01:50:38.791-0300 INFO METHOD: saveUser
2021-07-07T01:50:38.792-0300 INFO USER CREDENTIAL: ANONYMOUS
2021-07-07T01:50:38.792-0300 INFO EXECUTED IN: 37 ms.
2021-07-07T01:50:41.498-0300 INFO ========================================
2021-07-07T01:50:41.500-0300 INFO Wed Jul 07 01:50:41 ART 2021
2021-07-07T01:50:41.501-0300 INFO ARGUMENTS: authenticationRequest: {"username":"pee@paacom","password":"1234567"}, 
2021-07-07T01:50:41.501-0300 INFO METHOD: createAuthenticationToken
2021-07-07T01:50:41.501-0300 INFO USER CREDENTIAL: ANONYMOUS
2021-07-07T01:50:41.501-0300 INFO EXECUTED IN: 18 ms.
2021-07-07T01:50:44.821-0300 INFO ========================================
2021-07-07T01:50:44.822-0300 INFO Wed Jul 07 01:50:44 ART 2021
2021-07-07T01:50:44.822-0300 INFO ARGUMENTS: 
2021-07-07T01:50:44.822-0300 INFO METHOD: getAllLocations
2021-07-07T01:50:44.823-0300 INFO USER CREDENTIAL: {pee@paacom, Netflix}
2021-07-07T01:50:44.823-0300 INFO EXECUTED IN: 85 ms.
2021-07-07T01:50:51.219-0300 INFO ========================================
2021-07-07T01:50:51.219-0300 INFO Wed Jul 07 01:50:51 ART 2021
2021-07-07T01:50:51.220-0300 INFO ARGUMENTS: 
2021-07-07T01:50:51.220-0300 INFO METHOD: getAllReviews
2021-07-07T01:50:51.220-0300 INFO USER CREDENTIAL: {p@p.com, Netflix}
2021-07-07T01:50:51.220-0300 INFO EXECUTED IN: 27 ms.
2021-07-07T01:50:51.863-0300 INFO ========================================
2021-07-07T01:50:51.864-0300 INFO Wed Jul 07 01:50:51 ART 2021
2021-07-07T01:50:51.865-0300 INFO ARGUMENTS: 
2021-07-07T01:50:51.865-0300 INFO METHOD: getAllStatistics
2021-07-07T01:50:51.866-0300 INFO USER CREDENTIAL: {p@p.com, Netflix}
2021-07-07T01:50:51.866-0300 INFO EXECUTED IN: 101 ms.
2021-07-07T01:51:24.732-0300 INFO ========================================
2021-07-07T01:51:24.733-0300 INFO Wed Jul 07 01:51:24 ART 2021
2021-07-07T01:51:24.733-0300 INFO ARGUMENTS: 
2021-07-07T01:51:24.733-0300 INFO METHOD: getAllLanguages
2021-07-07T01:51:24.733-0300 INFO USER CREDENTIAL: {pee@paacom, Netflix}
2021-07-07T01:51:24.733-0300 INFO EXECUTED IN: 109 ms.
2021-07-07T01:51:28.111-0300 INFO ========================================
2021-07-07T01:51:28.112-0300 INFO Wed Jul 07 01:51:28 ART 2021
2021-07-07T01:51:28.112-0300 INFO ARGUMENTS: 
2021-07-07T01:51:28.112-0300 INFO METHOD: getAllReviews
2021-07-07T01:51:28.112-0300 INFO USER CREDENTIAL: {p@p.com, Netflix}
2021-07-07T01:51:28.112-0300 INFO EXECUTED IN: 26 ms.
2021-07-07T01:51:28.778-0300 INFO ========================================
2021-07-07T01:51:28.778-0300 INFO Wed Jul 07 01:51:28 ART 2021
2021-07-07T01:51:28.778-0300 INFO ARGUMENTS: 
2021-07-07T01:51:28.778-0300 INFO METHOD: getAllStatistics
2021-07-07T01:51:28.778-0300 INFO USER CREDENTIAL: {p@p.com, Netflix}
2021-07-07T01:51:28.778-0300 INFO EXECUTED IN: 54 ms.
2021-07-07T01:51:39.636-0300 INFO ========================================
2021-07-07T01:51:39.636-0300 INFO Wed Jul 07 01:51:39 ART 2021
2021-07-07T01:51:39.636-0300 INFO ARGUMENTS: 
2021-07-07T01:51:39.636-0300 INFO METHOD: getAllReviews
2021-07-07T01:51:39.636-0300 INFO USER CREDENTIAL: {p@p.com, Netflix}
2021-07-07T01:51:39.636-0300 INFO EXECUTED IN: 13 ms.
2021-07-07T01:51:40.502-0300 INFO ========================================
2021-07-07T01:51:40.502-0300 INFO Wed Jul 07 01:51:40 ART 2021
2021-07-07T01:51:40.502-0300 INFO ARGUMENTS: 
2021-07-07T01:51:40.502-0300 INFO METHOD: getAllStatistics
2021-07-07T01:51:40.502-0300 INFO USER CREDENTIAL: {p@p.com, Netflix}
2021-07-07T01:51:40.502-0300 INFO EXECUTED IN: 33 ms.
2021-07-07T01:51:42.432-0300 INFO ========================================
2021-07-07T01:51:42.432-0300 INFO Wed Jul 07 01:51:42 ART 2021
2021-07-07T01:51:42.432-0300 INFO ARGUMENTS: 
2021-07-07T01:51:42.432-0300 INFO METHOD: getAllReviews
2021-07-07T01:51:42.432-0300 INFO USER CREDENTIAL: {p@p.com, Netflix}
2021-07-07T01:51:42.432-0300 INFO EXECUTED IN: 30 ms.
2021-07-07T01:51:44.048-0300 INFO ========================================
2021-07-07T01:51:44.048-0300 INFO Wed Jul 07 01:51:44 ART 2021
2021-07-07T01:51:44.048-0300 INFO ARGUMENTS: 
2021-07-07T01:51:44.048-0300 INFO METHOD: getAllStatistics
2021-07-07T01:51:44.049-0300 INFO USER CREDENTIAL: {p@p.com, Netflix}
2021-07-07T01:51:44.049-0300 INFO EXECUTED IN: 113 ms.
2021-07-07T01:52:07.955-0300 INFO ========================================
2021-07-07T01:52:07.955-0300 INFO Wed Jul 07 01:52:07 ART 2021
2021-07-07T01:52:07.955-0300 INFO ARGUMENTS: 
2021-07-07T01:52:07.955-0300 INFO METHOD: getAllReviews
2021-07-07T01:52:07.955-0300 INFO USER CREDENTIAL: {p@p.com, Netflix}
2021-07-07T01:52:07.955-0300 INFO EXECUTED IN: 19 ms.
2021-07-07T02:00:10.891-0300 INFO ========================================
2021-07-07T02:00:10.891-0300 INFO Wed Jul 07 02:00:10 ART 2021
2021-07-07T02:00:10.914-0300 INFO ARGUMENTS: registerRequest: {"email":"pee@paacom","password":"1234567","name":"QuiqueA","sourceId":2}, 
2021-07-07T02:00:10.914-0300 INFO METHOD: saveUser
2021-07-07T02:00:10.914-0300 INFO USER CREDENTIAL: ANONYMOUS
2021-07-07T02:00:10.915-0300 INFO EXECUTED IN: 59 ms.
2021-07-07T02:00:12.995-0300 INFO ========================================
2021-07-07T02:00:12.995-0300 INFO Wed Jul 07 02:00:12 ART 2021
2021-07-07T02:00:12.996-0300 INFO ARGUMENTS: authenticationRequest: {"username":"pee@paacom","password":"1234567"}, 
2021-07-07T02:00:12.996-0300 INFO METHOD: createAuthenticationToken
2021-07-07T02:00:12.996-0300 INFO USER CREDENTIAL: ANONYMOUS
2021-07-07T02:00:12.996-0300 INFO EXECUTED IN: 60 ms.
2021-07-07T02:00:31.854-0300 INFO ========================================
2021-07-07T02:00:31.855-0300 INFO Wed Jul 07 02:00:31 ART 2021
2021-07-07T02:00:31.857-0300 INFO ARGUMENTS: suscriptionDTO: {"titleId":2,"url":"http://localhost:8080/suscription/demo/1"}, 
2021-07-07T02:00:31.857-0300 INFO METHOD: saveSuscription
2021-07-07T02:00:31.857-0300 INFO USER CREDENTIAL: {pee@paacom, Netflix}
2021-07-07T02:00:31.857-0300 INFO EXECUTED IN: 84 ms.
2021-07-07T02:00:51.919-0300 INFO ========================================
2021-07-07T02:00:51.919-0300 INFO Wed Jul 07 02:00:51 ART 2021
2021-07-07T02:00:51.919-0300 INFO ARGUMENTS: suscriptionDTO: {"titleId":1,"url":"http://localhost:8080/suscription/demo/1"}, 
2021-07-07T02:00:51.919-0300 INFO METHOD: saveSuscription
2021-07-07T02:00:51.919-0300 INFO USER CREDENTIAL: {pee@paacom, Netflix}
2021-07-07T02:00:51.919-0300 INFO EXECUTED IN: 59 ms.
2021-07-07T02:00:55.636-0300 INFO ========================================
2021-07-07T02:00:55.636-0300 INFO Wed Jul 07 02:00:55 ART 2021
2021-07-07T02:00:55.637-0300 INFO ARGUMENTS: suscriptionDTO: {"titleId":1,"url":"http://localhost:8080/suscription/demo/1"}, 
2021-07-07T02:00:55.637-0300 INFO METHOD: saveSuscription
2021-07-07T02:00:55.637-0300 INFO USER CREDENTIAL: {pee@paacom, Netflix}
2021-07-07T02:00:55.637-0300 INFO EXECUTED IN: 34 ms.
2021-07-07T02:01:25.899-0300 INFO ========================================
2021-07-07T02:01:25.899-0300 INFO Wed Jul 07 02:01:25 ART 2021
2021-07-07T02:01:25.912-0300 INFO ARGUMENTS: aReview: {"id":null,"titleId":3,"text":"a","textExtended":"Bochornoso como Coppolo","rating":5,"spoilerAlert":false,"date":1625634085471,"languageId":3,"type":"NORMAL","user":{"sourceId":2,"userId":"alumno21@alu.unq.edu.ar","userNick":"Jsose","locationId":2}}, 
2021-07-07T02:01:25.915-0300 INFO METHOD: saveReview
2021-07-07T02:01:25.915-0300 INFO USER CREDENTIAL: {pee@paacom, Netflix}
2021-07-07T02:01:25.915-0300 INFO EXECUTED IN: 415 ms.
2021-07-07T02:01:42.980-0300 INFO ========================================
2021-07-07T02:01:42.980-0300 INFO Wed Jul 07 02:01:42 ART 2021
2021-07-07T02:01:42.981-0300 INFO ARGUMENTS: aReview: {"id":null,"titleId":1,"text":"a","textExtended":"Bochornoso como Coppolo","rating":5,"spoilerAlert":false,"date":1625634102780,"languageId":3,"type":"NORMAL","user":{"sourceId":2,"userId":"alumno21@alu.unq.edu.ar","userNick":"Jsose","locationId":2}}, 
2021-07-07T02:01:42.981-0300 INFO METHOD: saveReview
2021-07-07T02:01:42.981-0300 INFO USER CREDENTIAL: {pee@paacom, Netflix}
2021-07-07T02:01:42.982-0300 INFO EXECUTED IN: 198 ms.
2021-07-07T02:04:01.517-0300 INFO ========================================
2021-07-07T02:04:01.518-0300 INFO Wed Jul 07 02:04:01 ART 2021
2021-07-07T02:04:01.561-0300 INFO ARGUMENTS: registerRequest: {"email":"pee@paacom","password":"1234567","name":"QuiqueA","sourceId":2}, 
2021-07-07T02:04:01.561-0300 INFO METHOD: saveUser
2021-07-07T02:04:01.563-0300 INFO USER CREDENTIAL: ANONYMOUS
2021-07-07T02:04:01.563-0300 INFO EXECUTED IN: 90 ms.
2021-07-07T02:04:03.694-0300 INFO ========================================
2021-07-07T02:04:03.694-0300 INFO Wed Jul 07 02:04:03 ART 2021
2021-07-07T02:04:03.696-0300 INFO ARGUMENTS: authenticationRequest: {"username":"pee@paacom","password":"1234567"}, 
2021-07-07T02:04:03.697-0300 INFO METHOD: createAuthenticationToken
2021-07-07T02:04:03.697-0300 INFO USER CREDENTIAL: ANONYMOUS
2021-07-07T02:04:03.697-0300 INFO EXECUTED IN: 76 ms.
2021-07-07T02:04:06.947-0300 INFO ========================================
2021-07-07T02:04:06.947-0300 INFO Wed Jul 07 02:04:06 ART 2021
2021-07-07T02:04:06.952-0300 INFO ARGUMENTS: suscriptionDTO: {"titleId":1,"url":"http://localhost:8080/suscription/demo/1"}, 
2021-07-07T02:04:06.952-0300 INFO METHOD: saveSuscription
2021-07-07T02:04:06.953-0300 INFO USER CREDENTIAL: {pee@paacom, Netflix}
2021-07-07T02:04:06.953-0300 INFO EXECUTED IN: 194 ms.
2021-07-07T02:04:11.308-0300 INFO ========================================
2021-07-07T02:04:11.308-0300 INFO Wed Jul 07 02:04:11 ART 2021
2021-07-07T02:04:11.318-0300 INFO ARGUMENTS: aReview: {"id":null,"titleId":1,"text":"a","textExtended":"Bochornoso como Coppolo","rating":5,"spoilerAlert":false,"date":1625634250991,"languageId":3,"type":"NORMAL","user":{"sourceId":2,"userId":"alumno21@alu.unq.edu.ar","userNick":"Jsose","locationId":2}}, 
2021-07-07T02:04:11.318-0300 INFO METHOD: saveReview
2021-07-07T02:04:11.318-0300 INFO USER CREDENTIAL: {pee@paacom, Netflix}
2021-07-07T02:04:11.318-0300 INFO EXECUTED IN: 302 ms.
2021-07-07T02:05:13.404-0300 INFO ========================================
2021-07-07T02:05:13.404-0300 INFO Wed Jul 07 02:05:13 ART 2021
2021-07-07T02:05:13.404-0300 INFO ARGUMENTS: aReview: {"id":null,"titleId":1,"text":"a","textExtended":"Bochornoso como Coppolo","rating":5,"spoilerAlert":false,"date":1625634313218,"languageId":3,"type":"NORMAL","user":{"sourceId":1,"userId":"alumno21@alu.unq.edu.ar","userNick":"Jsose","locationId":2}}, 
2021-07-07T02:05:13.404-0300 INFO METHOD: saveReview
2021-07-07T02:05:13.404-0300 INFO USER CREDENTIAL: {pee@paacom, Netflix}
2021-07-07T02:05:13.405-0300 INFO EXECUTED IN: 186 ms.
2021-07-07T02:05:38.125-0300 INFO ========================================
2021-07-07T02:05:38.125-0300 INFO Wed Jul 07 02:05:38 ART 2021
2021-07-07T02:05:38.125-0300 INFO ARGUMENTS: aReview: {"id":null,"titleId":1,"text":"a","textExtended":"Bochornoso como Coppolo","rating":5,"spoilerAlert":false,"date":1625634338018,"languageId":3,"type":"NORMAL","user":{"sourceId":3,"userId":"alumno21@alu.unq.edu.ar","userNick":"Jsose","locationId":2}}, 
2021-07-07T02:05:38.126-0300 INFO METHOD: saveReview
2021-07-07T02:05:38.126-0300 INFO USER CREDENTIAL: {pee@paacom, Netflix}
2021-07-07T02:05:38.126-0300 INFO EXECUTED IN: 106 ms.
